{"total": {"lines":{"total":22217,"covered":10400,"skipped":0,"pct":46.81},"statements":{"total":24345,"covered":11354,"skipped":0,"pct":46.63},"functions":{"total":4155,"covered":1949,"skipped":0,"pct":46.9},"branches":{"total":12971,"covered":5069,"skipped":0,"pct":39.07},"branchesTrue":{"total":0,"covered":0,"skipped":0,"pct":100}}
,"C:\\Users\\Robin Aleman\\Documents\\SPO\\WEBCLIENT\\src\\client\\App.tsx": {"lines":{"total":19,"covered":0,"skipped":0,"pct":0},"functions":{"total":6,"covered":0,"skipped":0,"pct":0},"statements":{"total":23,"covered":0,"skipped":0,"pct":0},"branches":{"total":6,"covered":0,"skipped":0,"pct":0}}
,"C:\\Users\\Robin Aleman\\Documents\\SPO\\WEBCLIENT\\src\\client\\client.ts": {"lines":{"total":529,"covered":0,"skipped":0,"pct":0},"functions":{"total":183,"covered":0,"skipped":0,"pct":0},"statements":{"total":561,"covered":0,"skipped":0,"pct":0},"branches":{"total":216,"covered":0,"skipped":0,"pct":0}}
,"C:\\Users\\Robin Aleman\\Documents\\SPO\\WEBCLIENT\\src\\client\\facility-dimensions-cache.ts": {"lines":{"total":50,"covered":48,"skipped":0,"pct":96},"functions":{"total":8,"covered":8,"skipped":0,"pct":100},"statements":{"total":53,"covered":51,"skipped":0,"pct":96.22},"branches":{"total":22,"covered":21,"skipped":0,"pct":95.45}}
,"C:\\Users\\Robin Aleman\\Documents\\SPO\\WEBCLIENT\\src\\client\\format-utils.ts": {"lines":{"total":17,"covered":17,"skipped":0,"pct":100},"functions":{"total":3,"covered":3,"skipped":0,"pct":100},"statements":{"total":20,"covered":20,"skipped":0,"pct":100},"branches":{"total":18,"covered":18,"skipped":0,"pct":100}}
,"C:\\Users\\Robin Aleman\\Documents\\SPO\\WEBCLIENT\\src\\client\\main.tsx": {"lines":{"total":15,"covered":0,"skipped":0,"pct":0},"functions":{"total":0,"covered":0,"skipped":0,"pct":100},"statements":{"total":15,"covered":0,"skipped":0,"pct":0},"branches":{"total":2,"covered":0,"skipped":0,"pct":0}}
,"C:\\Users\\Robin Aleman\\Documents\\SPO\\WEBCLIENT\\src\\client\\terrain-test.ts": {"lines":{"total":75,"covered":0,"skipped":0,"pct":0},"functions":{"total":12,"covered":0,"skipped":0,"pct":0},"statements":{"total":87,"covered":0,"skipped":0,"pct":0},"branches":{"total":44,"covered":0,"skipped":0,"pct":0}}
,"C:\\Users\\Robin Aleman\\Documents\\SPO\\WEBCLIENT\\src\\client\\version.ts": {"lines":{"total":4,"covered":4,"skipped":0,"pct":100},"functions":{"total":0,"covered":0,"skipped":0,"pct":100},"statements":{"total":4,"covered":4,"skipped":0,"pct":100},"branches":{"total":0,"covered":0,"skipped":0,"pct":100}}
,"C:\\Users\\Robin Aleman\\Documents\\SPO\\WEBCLIENT\\src\\client\\audio\\sound-manager.ts": {"lines":{"total":99,"covered":97,"skipped":0,"pct":97.97},"functions":{"total":21,"covered":17,"skipped":0,"pct":80.95},"statements":{"total":111,"covered":105,"skipped":0,"pct":94.59},"branches":{"total":65,"covered":57,"skipped":0,"pct":87.69}}
,"C:\\Users\\Robin Aleman\\Documents\\SPO\\WEBCLIENT\\src\\client\\bridge\\client-bridge.ts": {"lines":{"total":247,"covered":57,"skipped":0,"pct":23.07},"functions":{"total":78,"covered":19,"skipped":0,"pct":24.35},"statements":{"total":258,"covered":57,"skipped":0,"pct":22.09},"branches":{"total":144,"covered":7,"skipped":0,"pct":4.86}}
,"C:\\Users\\Robin Aleman\\Documents\\SPO\\WEBCLIENT\\src\\client\\bridge\\index.ts": {"lines":{"total":1,"covered":0,"skipped":0,"pct":0},"functions":{"total":1,"covered":0,"skipped":0,"pct":0},"statements":{"total":2,"covered":0,"skipped":0,"pct":0},"branches":{"total":0,"covered":0,"skipped":0,"pct":100}}
,"C:\\Users\\Robin Aleman\\Documents\\SPO\\WEBCLIENT\\src\\client\\components\\building\\BuildingInspector.tsx": {"lines":{"total":133,"covered":91,"skipped":0,"pct":68.42},"functions":{"total":41,"covered":28,"skipped":0,"pct":68.29},"statements":{"total":158,"covered":111,"skipped":0,"pct":70.25},"branches":{"total":167,"covered":108,"skipped":0,"pct":64.67}}
,"C:\\Users\\Robin Aleman\\Documents\\SPO\\WEBCLIENT\\src\\client\\components\\building\\InputsGroup.tsx": {"lines":{"total":22,"covered":22,"skipped":0,"pct":100},"functions":{"total":5,"covered":5,"skipped":0,"pct":100},"statements":{"total":23,"covered":22,"skipped":0,"pct":95.65},"branches":{"total":24,"covered":18,"skipped":0,"pct":75}}
,"C:\\Users\\Robin Aleman\\Documents\\SPO\\WEBCLIENT\\src\\client\\components\\building\\InspectorTabs.tsx": {"lines":{"total":6,"covered":6,"skipped":0,"pct":100},"functions":{"total":4,"covered":4,"skipped":0,"pct":100},"statements":{"total":7,"covered":7,"skipped":0,"pct":100},"branches":{"total":4,"covered":3,"skipped":0,"pct":75}}
,"C:\\Users\\Robin Aleman\\Documents\\SPO\\WEBCLIENT\\src\\client\\components\\building\\ProductsGroup.tsx": {"lines":{"total":40,"covered":35,"skipped":0,"pct":87.5},"functions":{"total":13,"covered":11,"skipped":0,"pct":84.61},"statements":{"total":45,"covered":37,"skipped":0,"pct":82.22},"branches":{"total":67,"covered":45,"skipped":0,"pct":67.16}}
,"C:\\Users\\Robin Aleman\\Documents\\SPO\\WEBCLIENT\\src\\client\\components\\building\\PropertyActions.tsx": {"lines":{"total":91,"covered":14,"skipped":0,"pct":15.38},"functions":{"total":39,"covered":0,"skipped":0,"pct":0},"statements":{"total":102,"covered":14,"skipped":0,"pct":13.72},"branches":{"total":84,"covered":0,"skipped":0,"pct":0}}
,"C:\\Users\\Robin Aleman\\Documents\\SPO\\WEBCLIENT\\src\\client\\components\\building\\PropertyDisplays.tsx": {"lines":{"total":18,"covered":4,"skipped":0,"pct":22.22},"functions":{"total":5,"covered":0,"skipped":0,"pct":0},"statements":{"total":18,"covered":4,"skipped":0,"pct":22.22},"branches":{"total":24,"covered":0,"skipped":0,"pct":0}}
,"C:\\Users\\Robin Aleman\\Documents\\SPO\\WEBCLIENT\\src\\client\\components\\building\\PropertyGroup.tsx": {"lines":{"total":212,"covered":75,"skipped":0,"pct":35.37},"functions":{"total":26,"covered":16,"skipped":0,"pct":61.53},"statements":{"total":233,"covered":89,"skipped":0,"pct":38.19},"branches":{"total":207,"covered":41,"skipped":0,"pct":19.8}}
,"C:\\Users\\Robin Aleman\\Documents\\SPO\\WEBCLIENT\\src\\client\\components\\building\\PropertyInputs.tsx": {"lines":{"total":83,"covered":8,"skipped":0,"pct":9.63},"functions":{"total":23,"covered":0,"skipped":0,"pct":0},"statements":{"total":92,"covered":8,"skipped":0,"pct":8.69},"branches":{"total":58,"covered":0,"skipped":0,"pct":0}}
,"C:\\Users\\Robin Aleman\\Documents\\SPO\\WEBCLIENT\\src\\client\\components\\building\\PropertyTables.tsx": {"lines":{"total":107,"covered":16,"skipped":0,"pct":14.95},"functions":{"total":27,"covered":1,"skipped":0,"pct":3.7},"statements":{"total":114,"covered":16,"skipped":0,"pct":14.03},"branches":{"total":155,"covered":3,"skipped":0,"pct":1.93}}
,"C:\\Users\\Robin Aleman\\Documents\\SPO\\WEBCLIENT\\src\\client\\components\\building\\QuickStats.tsx": {"lines":{"total":133,"covered":125,"skipped":0,"pct":93.98},"functions":{"total":20,"covered":19,"skipped":0,"pct":95},"statements":{"total":155,"covered":145,"skipped":0,"pct":93.54},"branches":{"total":95,"covered":68,"skipped":0,"pct":71.57}}
,"C:\\Users\\Robin Aleman\\Documents\\SPO\\WEBCLIENT\\src\\client\\components\\building\\ResearchPanel.tsx": {"lines":{"total":65,"covered":9,"skipped":0,"pct":13.84},"functions":{"total":22,"covered":0,"skipped":0,"pct":0},"statements":{"total":72,"covered":9,"skipped":0,"pct":12.5},"branches":{"total":93,"covered":0,"skipped":0,"pct":0}}
,"C:\\Users\\Robin Aleman\\Documents\\SPO\\WEBCLIENT\\src\\client\\components\\building\\RevenueGraph.tsx": {"lines":{"total":98,"covered":96,"skipped":0,"pct":97.95},"functions":{"total":13,"covered":11,"skipped":0,"pct":84.61},"statements":{"total":111,"covered":108,"skipped":0,"pct":97.29},"branches":{"total":62,"covered":43,"skipped":0,"pct":69.35}}
,"C:\\Users\\Robin Aleman\\Documents\\SPO\\WEBCLIENT\\src\\client\\components\\building\\RichDetails.tsx": {"lines":{"total":154,"covered":19,"skipped":0,"pct":12.33},"functions":{"total":35,"covered":2,"skipped":0,"pct":5.71},"statements":{"total":177,"covered":20,"skipped":0,"pct":11.29},"branches":{"total":160,"covered":18,"skipped":0,"pct":11.25}}
,"C:\\Users\\Robin Aleman\\Documents\\SPO\\WEBCLIENT\\src\\client\\components\\building\\SaveIndicator.tsx": {"lines":{"total":26,"covered":26,"skipped":0,"pct":100},"functions":{"total":12,"covered":10,"skipped":0,"pct":83.33},"statements":{"total":35,"covered":33,"skipped":0,"pct":94.28},"branches":{"total":10,"covered":10,"skipped":0,"pct":100}}
,"C:\\Users\\Robin Aleman\\Documents\\SPO\\WEBCLIENT\\src\\client\\components\\building\\StatusOverlay.tsx": {"lines":{"total":105,"covered":40,"skipped":0,"pct":38.09},"functions":{"total":36,"covered":8,"skipped":0,"pct":22.22},"statements":{"total":120,"covered":49,"skipped":0,"pct":40.83},"branches":{"total":127,"covered":24,"skipped":0,"pct":18.89}}
,"C:\\Users\\Robin Aleman\\Documents\\SPO\\WEBCLIENT\\src\\client\\components\\building\\SuppliesGroup.tsx": {"lines":{"total":66,"covered":63,"skipped":0,"pct":95.45},"functions":{"total":23,"covered":21,"skipped":0,"pct":91.3},"statements":{"total":72,"covered":65,"skipped":0,"pct":90.27},"branches":{"total":71,"covered":51,"skipped":0,"pct":71.83}}
,"C:\\Users\\Robin Aleman\\Documents\\SPO\\WEBCLIENT\\src\\client\\components\\building\\comp-inputs-utils.ts": {"lines":{"total":3,"covered":3,"skipped":0,"pct":100},"functions":{"total":1,"covered":1,"skipped":0,"pct":100},"statements":{"total":4,"covered":4,"skipped":0,"pct":100},"branches":{"total":2,"covered":2,"skipped":0,"pct":100}}
,"C:\\Users\\Robin Aleman\\Documents\\SPO\\WEBCLIENT\\src\\client\\components\\building\\index.ts": {"lines":{"total":6,"covered":0,"skipped":0,"pct":0},"functions":{"total":6,"covered":0,"skipped":0,"pct":0},"statements":{"total":12,"covered":0,"skipped":0,"pct":0},"branches":{"total":0,"covered":0,"skipped":0,"pct":100}}
,"C:\\Users\\Robin Aleman\\Documents\\SPO\\WEBCLIENT\\src\\client\\components\\building\\property-utils.ts": {"lines":{"total":59,"covered":58,"skipped":0,"pct":98.3},"functions":{"total":8,"covered":8,"skipped":0,"pct":100},"statements":{"total":70,"covered":69,"skipped":0,"pct":98.57},"branches":{"total":48,"covered":47,"skipped":0,"pct":97.91}}
,"C:\\Users\\Robin Aleman\\Documents\\SPO\\WEBCLIENT\\src\\client\\components\\building\\research-utils.ts": {"lines":{"total":32,"covered":32,"skipped":0,"pct":100},"functions":{"total":9,"covered":9,"skipped":0,"pct":100},"statements":{"total":43,"covered":43,"skipped":0,"pct":100},"branches":{"total":20,"covered":20,"skipped":0,"pct":100}}
,"C:\\Users\\Robin Aleman\\Documents\\SPO\\WEBCLIENT\\src\\client\\components\\chat\\ChatStrip.tsx": {"lines":{"total":65,"covered":39,"skipped":0,"pct":60},"functions":{"total":28,"covered":15,"skipped":0,"pct":53.57},"statements":{"total":81,"covered":52,"skipped":0,"pct":64.19},"branches":{"total":61,"covered":22,"skipped":0,"pct":36.06}}
,"C:\\Users\\Robin Aleman\\Documents\\SPO\\WEBCLIENT\\src\\client\\components\\chat\\NobilityBadge.tsx": {"lines":{"total":25,"covered":25,"skipped":0,"pct":100},"functions":{"total":3,"covered":3,"skipped":0,"pct":100},"statements":{"total":28,"covered":28,"skipped":0,"pct":100},"branches":{"total":20,"covered":20,"skipped":0,"pct":100}}
,"C:\\Users\\Robin Aleman\\Documents\\SPO\\WEBCLIENT\\src\\client\\components\\chat\\index.ts": {"lines":{"total":1,"covered":0,"skipped":0,"pct":0},"functions":{"total":1,"covered":0,"skipped":0,"pct":0},"statements":{"total":2,"covered":0,"skipped":0,"pct":0},"branches":{"total":0,"covered":0,"skipped":0,"pct":100}}
,"C:\\Users\\Robin Aleman\\Documents\\SPO\\WEBCLIENT\\src\\client\\components\\command-palette\\CommandPalette.tsx": {"lines":{"total":62,"covered":0,"skipped":0,"pct":0},"functions":{"total":27,"covered":0,"skipped":0,"pct":0},"statements":{"total":71,"covered":0,"skipped":0,"pct":0},"branches":{"total":24,"covered":0,"skipped":0,"pct":0}}
,"C:\\Users\\Robin Aleman\\Documents\\SPO\\WEBCLIENT\\src\\client\\components\\command-palette\\index.ts": {"lines":{"total":1,"covered":0,"skipped":0,"pct":0},"functions":{"total":1,"covered":0,"skipped":0,"pct":0},"statements":{"total":2,"covered":0,"skipped":0,"pct":0},"branches":{"total":0,"covered":0,"skipped":0,"pct":100}}
,"C:\\Users\\Robin Aleman\\Documents\\SPO\\WEBCLIENT\\src\\client\\components\\common\\Badge.tsx": {"lines":{"total":7,"covered":7,"skipped":0,"pct":100},"functions":{"total":2,"covered":2,"skipped":0,"pct":100},"statements":{"total":8,"covered":8,"skipped":0,"pct":100},"branches":{"total":14,"covered":14,"skipped":0,"pct":100}}
,"C:\\Users\\Robin Aleman\\Documents\\SPO\\WEBCLIENT\\src\\client\\components\\common\\ConfirmDialog.tsx": {"lines":{"total":13,"covered":9,"skipped":0,"pct":69.23},"functions":{"total":5,"covered":2,"skipped":0,"pct":40},"statements":{"total":16,"covered":9,"skipped":0,"pct":56.25},"branches":{"total":9,"covered":1,"skipped":0,"pct":11.11}}
,"C:\\Users\\Robin Aleman\\Documents\\SPO\\WEBCLIENT\\src\\client\\components\\common\\DataTable.tsx": {"lines":{"total":22,"covered":21,"skipped":0,"pct":95.45},"functions":{"total":9,"covered":8,"skipped":0,"pct":88.88},"statements":{"total":24,"covered":21,"skipped":0,"pct":87.5},"branches":{"total":53,"covered":40,"skipped":0,"pct":75.47}}
,"C:\\Users\\Robin Aleman\\Documents\\SPO\\WEBCLIENT\\src\\client\\components\\common\\ErrorBoundary.tsx": {"lines":{"total":10,"covered":5,"skipped":0,"pct":50},"functions":{"total":5,"covered":2,"skipped":0,"pct":40},"statements":{"total":11,"covered":5,"skipped":0,"pct":45.45},"branches":{"total":4,"covered":1,"skipped":0,"pct":25}}
,"C:\\Users\\Robin Aleman\\Documents\\SPO\\WEBCLIENT\\src\\client\\components\\common\\GlassCard.tsx": {"lines":{"total":4,"covered":4,"skipped":0,"pct":100},"functions":{"total":1,"covered":1,"skipped":0,"pct":100},"statements":{"total":4,"covered":4,"skipped":0,"pct":100},"branches":{"total":13,"covered":11,"skipped":0,"pct":84.61}}
,"C:\\Users\\Robin Aleman\\Documents\\SPO\\WEBCLIENT\\src\\client\\components\\common\\IconButton.tsx": {"lines":{"total":4,"covered":4,"skipped":0,"pct":100},"functions":{"total":1,"covered":1,"skipped":0,"pct":100},"statements":{"total":4,"covered":4,"skipped":0,"pct":100},"branches":{"total":16,"covered":13,"skipped":0,"pct":81.25}}
,"C:\\Users\\Robin Aleman\\Documents\\SPO\\WEBCLIENT\\src\\client\\components\\common\\MiniBar.tsx": {"lines":{"total":5,"covered":5,"skipped":0,"pct":100},"functions":{"total":1,"covered":1,"skipped":0,"pct":100},"statements":{"total":5,"covered":5,"skipped":0,"pct":100},"branches":{"total":9,"covered":9,"skipped":0,"pct":100}}
,"C:\\Users\\Robin Aleman\\Documents\\SPO\\WEBCLIENT\\src\\client\\components\\common\\ProgressBar.tsx": {"lines":{"total":5,"covered":5,"skipped":0,"pct":100},"functions":{"total":1,"covered":1,"skipped":0,"pct":100},"statements":{"total":5,"covered":5,"skipped":0,"pct":100},"branches":{"total":7,"covered":7,"skipped":0,"pct":100}}
,"C:\\Users\\Robin Aleman\\Documents\\SPO\\WEBCLIENT\\src\\client\\components\\common\\PromptDialog.tsx": {"lines":{"total":14,"covered":11,"skipped":0,"pct":78.57},"functions":{"total":5,"covered":3,"skipped":0,"pct":60},"statements":{"total":17,"covered":12,"skipped":0,"pct":70.58},"branches":{"total":9,"covered":2,"skipped":0,"pct":22.22}}
,"C:\\Users\\Robin Aleman\\Documents\\SPO\\WEBCLIENT\\src\\client\\components\\common\\ReconnectingOverlay.tsx": {"lines":{"total":19,"covered":17,"skipped":0,"pct":89.47},"functions":{"total":6,"covered":5,"skipped":0,"pct":83.33},"statements":{"total":23,"covered":21,"skipped":0,"pct":91.3},"branches":{"total":12,"covered":8,"skipped":0,"pct":66.66}}
,"C:\\Users\\Robin Aleman\\Documents\\SPO\\WEBCLIENT\\src\\client\\components\\common\\Skeleton.tsx": {"lines":{"total":6,"covered":6,"skipped":0,"pct":100},"functions":{"total":3,"covered":3,"skipped":0,"pct":100},"statements":{"total":6,"covered":6,"skipped":0,"pct":100},"branches":{"total":9,"covered":8,"skipped":0,"pct":88.88}}
,"C:\\Users\\Robin Aleman\\Documents\\SPO\\WEBCLIENT\\src\\client\\components\\common\\SliderInput.tsx": {"lines":{"total":9,"covered":7,"skipped":0,"pct":77.77},"functions":{"total":3,"covered":1,"skipped":0,"pct":33.33},"statements":{"total":9,"covered":7,"skipped":0,"pct":77.77},"branches":{"total":7,"covered":6,"skipped":0,"pct":85.71}}
,"C:\\Users\\Robin Aleman\\Documents\\SPO\\WEBCLIENT\\src\\client\\components\\common\\Sparkline.tsx": {"lines":{"total":24,"covered":23,"skipped":0,"pct":95.83},"functions":{"total":3,"covered":3,"skipped":0,"pct":100},"statements":{"total":28,"covered":26,"skipped":0,"pct":92.85},"branches":{"total":21,"covered":18,"skipped":0,"pct":85.71}}
,"C:\\Users\\Robin Aleman\\Documents\\SPO\\WEBCLIENT\\src\\client\\components\\common\\StatCard.tsx": {"lines":{"total":7,"covered":7,"skipped":0,"pct":100},"functions":{"total":1,"covered":1,"skipped":0,"pct":100},"statements":{"total":7,"covered":7,"skipped":0,"pct":100},"branches":{"total":23,"covered":22,"skipped":0,"pct":95.65}}
,"C:\\Users\\Robin Aleman\\Documents\\SPO\\WEBCLIENT\\src\\client\\components\\common\\TabBar.tsx": {"lines":{"total":15,"covered":15,"skipped":0,"pct":100},"functions":{"total":5,"covered":5,"skipped":0,"pct":100},"statements":{"total":16,"covered":15,"skipped":0,"pct":93.75},"branches":{"total":15,"covered":12,"skipped":0,"pct":80}}
,"C:\\Users\\Robin Aleman\\Documents\\SPO\\WEBCLIENT\\src\\client\\components\\common\\Toast.tsx": {"lines":{"total":49,"covered":44,"skipped":0,"pct":89.79},"functions":{"total":20,"covered":16,"skipped":0,"pct":80},"statements":{"total":55,"covered":49,"skipped":0,"pct":89.09},"branches":{"total":11,"covered":5,"skipped":0,"pct":45.45}}
,"C:\\Users\\Robin Aleman\\Documents\\SPO\\WEBCLIENT\\src\\client\\components\\common\\TrendIndicator.tsx": {"lines":{"total":9,"covered":9,"skipped":0,"pct":100},"functions":{"total":1,"covered":1,"skipped":0,"pct":100},"statements":{"total":9,"covered":9,"skipped":0,"pct":100},"branches":{"total":23,"covered":23,"skipped":0,"pct":100}}
,"C:\\Users\\Robin Aleman\\Documents\\SPO\\WEBCLIENT\\src\\client\\components\\common\\index.ts": {"lines":{"total":17,"covered":17,"skipped":0,"pct":100},"functions":{"total":20,"covered":9,"skipped":0,"pct":45},"statements":{"total":37,"covered":37,"skipped":0,"pct":100},"branches":{"total":0,"covered":0,"skipped":0,"pct":100}}
,"C:\\Users\\Robin Aleman\\Documents\\SPO\\WEBCLIENT\\src\\client\\components\\empire\\EmpireOverview.tsx": {"lines":{"total":30,"covered":0,"skipped":0,"pct":0},"functions":{"total":9,"covered":0,"skipped":0,"pct":0},"statements":{"total":33,"covered":0,"skipped":0,"pct":0},"branches":{"total":9,"covered":0,"skipped":0,"pct":0}}
,"C:\\Users\\Robin Aleman\\Documents\\SPO\\WEBCLIENT\\src\\client\\components\\empire\\FacilityList.tsx": {"lines":{"total":19,"covered":0,"skipped":0,"pct":0},"functions":{"total":6,"covered":0,"skipped":0,"pct":0},"statements":{"total":20,"covered":0,"skipped":0,"pct":0},"branches":{"total":2,"covered":0,"skipped":0,"pct":0}}
,"C:\\Users\\Robin Aleman\\Documents\\SPO\\WEBCLIENT\\src\\client\\components\\empire\\FinancialSummary.tsx": {"lines":{"total":7,"covered":0,"skipped":0,"pct":0},"functions":{"total":1,"covered":0,"skipped":0,"pct":0},"statements":{"total":7,"covered":0,"skipped":0,"pct":0},"branches":{"total":2,"covered":0,"skipped":0,"pct":0}}
,"C:\\Users\\Robin Aleman\\Documents\\SPO\\WEBCLIENT\\src\\client\\components\\empire\\ProfilePanel.tsx": {"lines":{"total":172,"covered":12,"skipped":0,"pct":6.97},"functions":{"total":73,"covered":1,"skipped":0,"pct":1.36},"statements":{"total":196,"covered":12,"skipped":0,"pct":6.12},"branches":{"total":159,"covered":0,"skipped":0,"pct":0}}
,"C:\\Users\\Robin Aleman\\Documents\\SPO\\WEBCLIENT\\src\\client\\components\\empire\\index.ts": {"lines":{"total":4,"covered":0,"skipped":0,"pct":0},"functions":{"total":4,"covered":0,"skipped":0,"pct":0},"statements":{"total":8,"covered":0,"skipped":0,"pct":0},"branches":{"total":0,"covered":0,"skipped":0,"pct":100}}
,"C:\\Users\\Robin Aleman\\Documents\\SPO\\WEBCLIENT\\src\\client\\components\\hud\\InfoWidget.tsx": {"lines":{"total":41,"covered":37,"skipped":0,"pct":90.24},"functions":{"total":19,"covered":17,"skipped":0,"pct":89.47},"statements":{"total":58,"covered":53,"skipped":0,"pct":91.37},"branches":{"total":58,"covered":48,"skipped":0,"pct":82.75}}
,"C:\\Users\\Robin Aleman\\Documents\\SPO\\WEBCLIENT\\src\\client\\components\\hud\\LeftRail.tsx": {"lines":{"total":41,"covered":28,"skipped":0,"pct":68.29},"functions":{"total":27,"covered":13,"skipped":0,"pct":48.14},"statements":{"total":56,"covered":40,"skipped":0,"pct":71.42},"branches":{"total":17,"covered":11,"skipped":0,"pct":64.7}}
,"C:\\Users\\Robin Aleman\\Documents\\SPO\\WEBCLIENT\\src\\client\\components\\hud\\OverlayMenu.tsx": {"lines":{"total":21,"covered":18,"skipped":0,"pct":85.71},"functions":{"total":7,"covered":4,"skipped":0,"pct":57.14},"statements":{"total":23,"covered":20,"skipped":0,"pct":86.95},"branches":{"total":10,"covered":6,"skipped":0,"pct":60}}
,"C:\\Users\\Robin Aleman\\Documents\\SPO\\WEBCLIENT\\src\\client\\components\\hud\\RightRail.tsx": {"lines":{"total":15,"covered":10,"skipped":0,"pct":66.66},"functions":{"total":7,"covered":2,"skipped":0,"pct":28.57},"statements":{"total":16,"covered":11,"skipped":0,"pct":68.75},"branches":{"total":2,"covered":1,"skipped":0,"pct":50}}
,"C:\\Users\\Robin Aleman\\Documents\\SPO\\WEBCLIENT\\src\\client\\components\\hud\\VersionBadge.tsx": {"lines":{"total":8,"covered":0,"skipped":0,"pct":0},"functions":{"total":4,"covered":0,"skipped":0,"pct":0},"statements":{"total":10,"covered":0,"skipped":0,"pct":0},"branches":{"total":2,"covered":0,"skipped":0,"pct":0}}
,"C:\\Users\\Robin Aleman\\Documents\\SPO\\WEBCLIENT\\src\\client\\components\\hud\\index.ts": {"lines":{"total":4,"covered":0,"skipped":0,"pct":0},"functions":{"total":4,"covered":0,"skipped":0,"pct":0},"statements":{"total":8,"covered":0,"skipped":0,"pct":0},"branches":{"total":0,"covered":0,"skipped":0,"pct":100}}
,"C:\\Users\\Robin Aleman\\Documents\\SPO\\WEBCLIENT\\src\\client\\components\\icons\\RoadIcons.tsx": {"lines":{"total":7,"covered":5,"skipped":0,"pct":71.42},"functions":{"total":4,"covered":2,"skipped":0,"pct":50},"statements":{"total":7,"covered":5,"skipped":0,"pct":71.42},"branches":{"total":3,"covered":0,"skipped":0,"pct":0}}
,"C:\\Users\\Robin Aleman\\Documents\\SPO\\WEBCLIENT\\src\\client\\components\\icons\\ZoneIcon.tsx": {"lines":{"total":2,"covered":1,"skipped":0,"pct":50},"functions":{"total":1,"covered":0,"skipped":0,"pct":0},"statements":{"total":2,"covered":1,"skipped":0,"pct":50},"branches":{"total":1,"covered":0,"skipped":0,"pct":0}}
,"C:\\Users\\Robin Aleman\\Documents\\SPO\\WEBCLIENT\\src\\client\\components\\login\\AuthErrorModal.tsx": {"lines":{"total":12,"covered":12,"skipped":0,"pct":100},"functions":{"total":5,"covered":5,"skipped":0,"pct":100},"statements":{"total":15,"covered":14,"skipped":0,"pct":93.33},"branches":{"total":6,"covered":4,"skipped":0,"pct":66.66}}
,"C:\\Users\\Robin Aleman\\Documents\\SPO\\WEBCLIENT\\src\\client\\components\\login\\AuthStage.tsx": {"lines":{"total":31,"covered":15,"skipped":0,"pct":48.38},"functions":{"total":7,"covered":2,"skipped":0,"pct":28.57},"statements":{"total":33,"covered":16,"skipped":0,"pct":48.48},"branches":{"total":22,"covered":8,"skipped":0,"pct":36.36}}
,"C:\\Users\\Robin Aleman\\Documents\\SPO\\WEBCLIENT\\src\\client\\components\\login\\CompanyStage.tsx": {"lines":{"total":20,"covered":17,"skipped":0,"pct":85},"functions":{"total":7,"covered":4,"skipped":0,"pct":57.14},"statements":{"total":20,"covered":17,"skipped":0,"pct":85},"branches":{"total":27,"covered":17,"skipped":0,"pct":62.96}}
,"C:\\Users\\Robin Aleman\\Documents\\SPO\\WEBCLIENT\\src\\client\\components\\login\\LoginBackground.tsx": {"lines":{"total":46,"covered":0,"skipped":0,"pct":0},"functions":{"total":6,"covered":0,"skipped":0,"pct":0},"statements":{"total":55,"covered":0,"skipped":0,"pct":0},"branches":{"total":18,"covered":0,"skipped":0,"pct":0}}
,"C:\\Users\\Robin Aleman\\Documents\\SPO\\WEBCLIENT\\src\\client\\components\\login\\WorldStage.tsx": {"lines":{"total":9,"covered":8,"skipped":0,"pct":88.88},"functions":{"total":6,"covered":5,"skipped":0,"pct":83.33},"statements":{"total":11,"covered":10,"skipped":0,"pct":90.9},"branches":{"total":14,"covered":5,"skipped":0,"pct":35.71}}
,"C:\\Users\\Robin Aleman\\Documents\\SPO\\WEBCLIENT\\src\\client\\components\\login\\ZoneStage.tsx": {"lines":{"total":8,"covered":7,"skipped":0,"pct":87.5},"functions":{"total":3,"covered":2,"skipped":0,"pct":66.66},"statements":{"total":8,"covered":7,"skipped":0,"pct":87.5},"branches":{"total":6,"covered":2,"skipped":0,"pct":33.33}}
,"C:\\Users\\Robin Aleman\\Documents\\SPO\\WEBCLIENT\\src\\client\\components\\login\\index.ts": {"lines":{"total":6,"covered":0,"skipped":0,"pct":0},"functions":{"total":6,"covered":0,"skipped":0,"pct":0},"statements":{"total":12,"covered":0,"skipped":0,"pct":0},"branches":{"total":0,"covered":0,"skipped":0,"pct":100}}
,"C:\\Users\\Robin Aleman\\Documents\\SPO\\WEBCLIENT\\src\\client\\components\\mail\\HtmlMailBody.tsx": {"lines":{"total":8,"covered":3,"skipped":0,"pct":37.5},"functions":{"total":1,"covered":0,"skipped":0,"pct":0},"statements":{"total":8,"covered":3,"skipped":0,"pct":37.5},"branches":{"total":2,"covered":0,"skipped":0,"pct":0}}
,"C:\\Users\\Robin Aleman\\Documents\\SPO\\WEBCLIENT\\src\\client\\components\\mail\\MailPanel.tsx": {"lines":{"total":58,"covered":48,"skipped":0,"pct":82.75},"functions":{"total":31,"covered":24,"skipped":0,"pct":77.41},"statements":{"total":74,"covered":64,"skipped":0,"pct":86.48},"branches":{"total":45,"covered":17,"skipped":0,"pct":37.77}}
,"C:\\Users\\Robin Aleman\\Documents\\SPO\\WEBCLIENT\\src\\client\\components\\mail\\index.ts": {"lines":{"total":2,"covered":0,"skipped":0,"pct":0},"functions":{"total":2,"covered":0,"skipped":0,"pct":0},"statements":{"total":4,"covered":0,"skipped":0,"pct":0},"branches":{"total":0,"covered":0,"skipped":0,"pct":100}}
,"C:\\Users\\Robin Aleman\\Documents\\SPO\\WEBCLIENT\\src\\client\\components\\mobile\\BottomNav.tsx": {"lines":{"total":26,"covered":21,"skipped":0,"pct":80.76},"functions":{"total":10,"covered":8,"skipped":0,"pct":80},"statements":{"total":33,"covered":28,"skipped":0,"pct":84.84},"branches":{"total":14,"covered":7,"skipped":0,"pct":50}}
,"C:\\Users\\Robin Aleman\\Documents\\SPO\\WEBCLIENT\\src\\client\\components\\mobile\\BottomSheet.tsx": {"lines":{"total":22,"covered":19,"skipped":0,"pct":86.36},"functions":{"total":6,"covered":5,"skipped":0,"pct":83.33},"statements":{"total":27,"covered":22,"skipped":0,"pct":81.48},"branches":{"total":16,"covered":8,"skipped":0,"pct":50}}
,"C:\\Users\\Robin Aleman\\Documents\\SPO\\WEBCLIENT\\src\\client\\components\\mobile\\ChatBanner.tsx": {"lines":{"total":30,"covered":0,"skipped":0,"pct":0},"functions":{"total":9,"covered":0,"skipped":0,"pct":0},"statements":{"total":40,"covered":0,"skipped":0,"pct":0},"branches":{"total":19,"covered":0,"skipped":0,"pct":0}}
,"C:\\Users\\Robin Aleman\\Documents\\SPO\\WEBCLIENT\\src\\client\\components\\mobile\\MinimapToggleButton.tsx": {"lines":{"total":6,"covered":0,"skipped":0,"pct":0},"functions":{"total":2,"covered":0,"skipped":0,"pct":0},"statements":{"total":7,"covered":0,"skipped":0,"pct":0},"branches":{"total":0,"covered":0,"skipped":0,"pct":100}}
,"C:\\Users\\Robin Aleman\\Documents\\SPO\\WEBCLIENT\\src\\client\\components\\mobile\\MobileBuildContent.tsx": {"lines":{"total":26,"covered":0,"skipped":0,"pct":0},"functions":{"total":10,"covered":0,"skipped":0,"pct":0},"statements":{"total":28,"covered":0,"skipped":0,"pct":0},"branches":{"total":14,"covered":0,"skipped":0,"pct":0}}
,"C:\\Users\\Robin Aleman\\Documents\\SPO\\WEBCLIENT\\src\\client\\components\\mobile\\MobileInfoBar.tsx": {"lines":{"total":17,"covered":0,"skipped":0,"pct":0},"functions":{"total":8,"covered":0,"skipped":0,"pct":0},"statements":{"total":23,"covered":0,"skipped":0,"pct":0},"branches":{"total":14,"covered":0,"skipped":0,"pct":0}}
,"C:\\Users\\Robin Aleman\\Documents\\SPO\\WEBCLIENT\\src\\client\\components\\mobile\\MobileMenu.tsx": {"lines":{"total":34,"covered":0,"skipped":0,"pct":0},"functions":{"total":32,"covered":0,"skipped":0,"pct":0},"statements":{"total":50,"covered":0,"skipped":0,"pct":0},"branches":{"total":5,"covered":0,"skipped":0,"pct":0}}
,"C:\\Users\\Robin Aleman\\Documents\\SPO\\WEBCLIENT\\src\\client\\components\\mobile\\MobileShell.tsx": {"lines":{"total":58,"covered":0,"skipped":0,"pct":0},"functions":{"total":15,"covered":0,"skipped":0,"pct":0},"statements":{"total":72,"covered":0,"skipped":0,"pct":0},"branches":{"total":36,"covered":0,"skipped":0,"pct":0}}
,"C:\\Users\\Robin Aleman\\Documents\\SPO\\WEBCLIENT\\src\\client\\components\\mobile\\PlacementHUD.tsx": {"lines":{"total":4,"covered":0,"skipped":0,"pct":0},"functions":{"total":1,"covered":0,"skipped":0,"pct":0},"statements":{"total":4,"covered":0,"skipped":0,"pct":0},"branches":{"total":0,"covered":0,"skipped":0,"pct":100}}
,"C:\\Users\\Robin Aleman\\Documents\\SPO\\WEBCLIENT\\src\\client\\components\\mobile\\index.ts": {"lines":{"total":8,"covered":0,"skipped":0,"pct":0},"functions":{"total":8,"covered":0,"skipped":0,"pct":0},"statements":{"total":16,"covered":0,"skipped":0,"pct":0},"branches":{"total":0,"covered":0,"skipped":0,"pct":100}}
,"C:\\Users\\Robin Aleman\\Documents\\SPO\\WEBCLIENT\\src\\client\\components\\modals\\BuildMenu.tsx": {"lines":{"total":88,"covered":74,"skipped":0,"pct":84.09},"functions":{"total":41,"covered":32,"skipped":0,"pct":78.04},"statements":{"total":106,"covered":87,"skipped":0,"pct":82.07},"branches":{"total":108,"covered":71,"skipped":0,"pct":65.74}}
,"C:\\Users\\Robin Aleman\\Documents\\SPO\\WEBCLIENT\\src\\client\\components\\modals\\BuildingInspectorModal.tsx": {"lines":{"total":34,"covered":31,"skipped":0,"pct":91.17},"functions":{"total":10,"covered":9,"skipped":0,"pct":90},"statements":{"total":42,"covered":37,"skipped":0,"pct":88.09},"branches":{"total":27,"covered":17,"skipped":0,"pct":62.96}}
,"C:\\Users\\Robin Aleman\\Documents\\SPO\\WEBCLIENT\\src\\client\\components\\modals\\ChangelogModal.tsx": {"lines":{"total":17,"covered":17,"skipped":0,"pct":100},"functions":{"total":6,"covered":6,"skipped":0,"pct":100},"statements":{"total":20,"covered":20,"skipped":0,"pct":100},"branches":{"total":4,"covered":3,"skipped":0,"pct":75}}
,"C:\\Users\\Robin Aleman\\Documents\\SPO\\WEBCLIENT\\src\\client\\components\\modals\\CompanyCreationModal.tsx": {"lines":{"total":93,"covered":0,"skipped":0,"pct":0},"functions":{"total":22,"covered":0,"skipped":0,"pct":0},"statements":{"total":104,"covered":0,"skipped":0,"pct":0},"branches":{"total":77,"covered":0,"skipped":0,"pct":0}}
,"C:\\Users\\Robin Aleman\\Documents\\SPO\\WEBCLIENT\\src\\client\\components\\modals\\ConnectionPickerModal.tsx": {"lines":{"total":85,"covered":0,"skipped":0,"pct":0},"functions":{"total":35,"covered":0,"skipped":0,"pct":0},"statements":{"total":106,"covered":0,"skipped":0,"pct":0},"branches":{"total":54,"covered":0,"skipped":0,"pct":0}}
,"C:\\Users\\Robin Aleman\\Documents\\SPO\\WEBCLIENT\\src\\client\\components\\modals\\ServerSwitchOverlay.tsx": {"lines":{"total":38,"covered":0,"skipped":0,"pct":0},"functions":{"total":16,"covered":0,"skipped":0,"pct":0},"statements":{"total":47,"covered":0,"skipped":0,"pct":0},"branches":{"total":13,"covered":0,"skipped":0,"pct":0}}
,"C:\\Users\\Robin Aleman\\Documents\\SPO\\WEBCLIENT\\src\\client\\components\\modals\\SettingsDialog.tsx": {"lines":{"total":51,"covered":25,"skipped":0,"pct":49.01},"functions":{"total":21,"covered":10,"skipped":0,"pct":47.61},"statements":{"total":57,"covered":31,"skipped":0,"pct":54.38},"branches":{"total":16,"covered":7,"skipped":0,"pct":43.75}}
,"C:\\Users\\Robin Aleman\\Documents\\SPO\\WEBCLIENT\\src\\client\\components\\modals\\SupplierSearchModal.tsx": {"lines":{"total":84,"covered":0,"skipped":0,"pct":0},"functions":{"total":34,"covered":0,"skipped":0,"pct":0},"statements":{"total":105,"covered":0,"skipped":0,"pct":0},"branches":{"total":44,"covered":0,"skipped":0,"pct":0}}
,"C:\\Users\\Robin Aleman\\Documents\\SPO\\WEBCLIENT\\src\\client\\components\\modals\\ZoneTypePicker.tsx": {"lines":{"total":18,"covered":14,"skipped":0,"pct":77.77},"functions":{"total":7,"covered":4,"skipped":0,"pct":57.14},"statements":{"total":21,"covered":17,"skipped":0,"pct":80.95},"branches":{"total":2,"covered":2,"skipped":0,"pct":100}}
,"C:\\Users\\Robin Aleman\\Documents\\SPO\\WEBCLIENT\\src\\client\\components\\modals\\index.ts": {"lines":{"total":9,"covered":0,"skipped":0,"pct":0},"functions":{"total":9,"covered":0,"skipped":0,"pct":0},"statements":{"total":18,"covered":0,"skipped":0,"pct":0},"branches":{"total":0,"covered":0,"skipped":0,"pct":100}}
,"C:\\Users\\Robin Aleman\\Documents\\SPO\\WEBCLIENT\\src\\client\\components\\panels\\LeftPanel.tsx": {"lines":{"total":7,"covered":7,"skipped":0,"pct":100},"functions":{"total":1,"covered":1,"skipped":0,"pct":100},"statements":{"total":8,"covered":8,"skipped":0,"pct":100},"branches":{"total":6,"covered":4,"skipped":0,"pct":66.66}}
,"C:\\Users\\Robin Aleman\\Documents\\SPO\\WEBCLIENT\\src\\client\\components\\panels\\RightPanel.tsx": {"lines":{"total":7,"covered":7,"skipped":0,"pct":100},"functions":{"total":1,"covered":1,"skipped":0,"pct":100},"statements":{"total":8,"covered":8,"skipped":0,"pct":100},"branches":{"total":12,"covered":9,"skipped":0,"pct":75}}
,"C:\\Users\\Robin Aleman\\Documents\\SPO\\WEBCLIENT\\src\\client\\components\\panels\\index.ts": {"lines":{"total":2,"covered":0,"skipped":0,"pct":0},"functions":{"total":2,"covered":0,"skipped":0,"pct":0},"statements":{"total":4,"covered":0,"skipped":0,"pct":0},"branches":{"total":0,"covered":0,"skipped":0,"pct":100}}
,"C:\\Users\\Robin Aleman\\Documents\\SPO\\WEBCLIENT\\src\\client\\components\\politics\\AdministrationSection.tsx": {"lines":{"total":5,"covered":5,"skipped":0,"pct":100},"functions":{"total":1,"covered":1,"skipped":0,"pct":100},"statements":{"total":5,"covered":5,"skipped":0,"pct":100},"branches":{"total":4,"covered":4,"skipped":0,"pct":100}}
,"C:\\Users\\Robin Aleman\\Documents\\SPO\\WEBCLIENT\\src\\client\\components\\politics\\CivicTabConfig.ts": {"lines":{"total":18,"covered":18,"skipped":0,"pct":100},"functions":{"total":7,"covered":7,"skipped":0,"pct":100},"statements":{"total":25,"covered":25,"skipped":0,"pct":100},"branches":{"total":12,"covered":12,"skipped":0,"pct":100}}
,"C:\\Users\\Robin Aleman\\Documents\\SPO\\WEBCLIENT\\src\\client\\components\\politics\\DemographicsSection.tsx": {"lines":{"total":8,"covered":8,"skipped":0,"pct":100},"functions":{"total":1,"covered":1,"skipped":0,"pct":100},"statements":{"total":8,"covered":8,"skipped":0,"pct":100},"branches":{"total":6,"covered":5,"skipped":0,"pct":83.33}}
,"C:\\Users\\Robin Aleman\\Documents\\SPO\\WEBCLIENT\\src\\client\\components\\politics\\ElectionsSection.tsx": {"lines":{"total":14,"covered":12,"skipped":0,"pct":85.71},"functions":{"total":7,"covered":5,"skipped":0,"pct":71.42},"statements":{"total":15,"covered":13,"skipped":0,"pct":86.66},"branches":{"total":25,"covered":18,"skipped":0,"pct":72}}
,"C:\\Users\\Robin Aleman\\Documents\\SPO\\WEBCLIENT\\src\\client\\components\\politics\\JobsTab.tsx": {"lines":{"total":20,"covered":18,"skipped":0,"pct":90},"functions":{"total":6,"covered":4,"skipped":0,"pct":66.66},"statements":{"total":21,"covered":19,"skipped":0,"pct":90.47},"branches":{"total":8,"covered":5,"skipped":0,"pct":62.5}}
,"C:\\Users\\Robin Aleman\\Documents\\SPO\\WEBCLIENT\\src\\client\\components\\politics\\MinistriesTab.tsx": {"lines":{"total":43,"covered":31,"skipped":0,"pct":72.09},"functions":{"total":13,"covered":7,"skipped":0,"pct":53.84},"statements":{"total":48,"covered":33,"skipped":0,"pct":68.75},"branches":{"total":30,"covered":16,"skipped":0,"pct":53.33}}
,"C:\\Users\\Robin Aleman\\Documents\\SPO\\WEBCLIENT\\src\\client\\components\\politics\\OverviewSection.tsx": {"lines":{"total":19,"covered":19,"skipped":0,"pct":100},"functions":{"total":4,"covered":4,"skipped":0,"pct":100},"statements":{"total":22,"covered":22,"skipped":0,"pct":100},"branches":{"total":19,"covered":17,"skipped":0,"pct":89.47}}
,"C:\\Users\\Robin Aleman\\Documents\\SPO\\WEBCLIENT\\src\\client\\components\\politics\\PopulationSection.tsx": {"lines":{"total":17,"covered":17,"skipped":0,"pct":100},"functions":{"total":6,"covered":6,"skipped":0,"pct":100},"statements":{"total":20,"covered":20,"skipped":0,"pct":100},"branches":{"total":16,"covered":16,"skipped":0,"pct":100}}
,"C:\\Users\\Robin Aleman\\Documents\\SPO\\WEBCLIENT\\src\\client\\components\\politics\\RatingsTab.tsx": {"lines":{"total":15,"covered":5,"skipped":0,"pct":33.33},"functions":{"total":7,"covered":0,"skipped":0,"pct":0},"statements":{"total":16,"covered":5,"skipped":0,"pct":31.25},"branches":{"total":21,"covered":0,"skipped":0,"pct":0}}
,"C:\\Users\\Robin Aleman\\Documents\\SPO\\WEBCLIENT\\src\\client\\components\\politics\\ResidentialsTab.tsx": {"lines":{"total":7,"covered":7,"skipped":0,"pct":100},"functions":{"total":2,"covered":2,"skipped":0,"pct":100},"statements":{"total":7,"covered":7,"skipped":0,"pct":100},"branches":{"total":0,"covered":0,"skipped":0,"pct":100}}
,"C:\\Users\\Robin Aleman\\Documents\\SPO\\WEBCLIENT\\src\\client\\components\\politics\\TownsTab.tsx": {"lines":{"total":30,"covered":27,"skipped":0,"pct":90},"functions":{"total":9,"covered":7,"skipped":0,"pct":77.77},"statements":{"total":32,"covered":29,"skipped":0,"pct":90.62},"branches":{"total":14,"covered":11,"skipped":0,"pct":78.57}}
,"C:\\Users\\Robin Aleman\\Documents\\SPO\\WEBCLIENT\\src\\client\\components\\politics\\VotesTab.tsx": {"lines":{"total":22,"covered":22,"skipped":0,"pct":100},"functions":{"total":6,"covered":6,"skipped":0,"pct":100},"statements":{"total":24,"covered":24,"skipped":0,"pct":100},"branches":{"total":18,"covered":14,"skipped":0,"pct":77.77}}
,"C:\\Users\\Robin Aleman\\Documents\\SPO\\WEBCLIENT\\src\\client\\components\\politics\\capitol-utils.ts": {"lines":{"total":15,"covered":15,"skipped":0,"pct":100},"functions":{"total":5,"covered":5,"skipped":0,"pct":100},"statements":{"total":15,"covered":15,"skipped":0,"pct":100},"branches":{"total":8,"covered":7,"skipped":0,"pct":87.5}}
,"C:\\Users\\Robin Aleman\\Documents\\SPO\\WEBCLIENT\\src\\client\\components\\politics\\index.ts": {"lines":{"total":12,"covered":12,"skipped":0,"pct":100},"functions":{"total":14,"covered":6,"skipped":0,"pct":42.85},"statements":{"total":26,"covered":26,"skipped":0,"pct":100},"branches":{"total":0,"covered":0,"skipped":0,"pct":100}}
,"C:\\Users\\Robin Aleman\\Documents\\SPO\\WEBCLIENT\\src\\client\\components\\search\\SearchPanel.tsx": {"lines":{"total":82,"covered":0,"skipped":0,"pct":0},"functions":{"total":39,"covered":0,"skipped":0,"pct":0},"statements":{"total":95,"covered":0,"skipped":0,"pct":0},"branches":{"total":65,"covered":0,"skipped":0,"pct":0}}
,"C:\\Users\\Robin Aleman\\Documents\\SPO\\WEBCLIENT\\src\\client\\components\\search\\TycoonProfileView.tsx": {"lines":{"total":11,"covered":0,"skipped":0,"pct":0},"functions":{"total":3,"covered":0,"skipped":0,"pct":0},"statements":{"total":12,"covered":0,"skipped":0,"pct":0},"branches":{"total":4,"covered":0,"skipped":0,"pct":0}}
,"C:\\Users\\Robin Aleman\\Documents\\SPO\\WEBCLIENT\\src\\client\\components\\search\\index.ts": {"lines":{"total":1,"covered":0,"skipped":0,"pct":0},"functions":{"total":1,"covered":0,"skipped":0,"pct":0},"statements":{"total":2,"covered":0,"skipped":0,"pct":0},"branches":{"total":0,"covered":0,"skipped":0,"pct":100}}
,"C:\\Users\\Robin Aleman\\Documents\\SPO\\WEBCLIENT\\src\\client\\components\\startup\\MapLoadingScreen.tsx": {"lines":{"total":18,"covered":18,"skipped":0,"pct":100},"functions":{"total":5,"covered":4,"skipped":0,"pct":80},"statements":{"total":22,"covered":21,"skipped":0,"pct":95.45},"branches":{"total":13,"covered":13,"skipped":0,"pct":100}}
,"C:\\Users\\Robin Aleman\\Documents\\SPO\\WEBCLIENT\\src\\client\\components\\startup\\ServerStartupScreen.tsx": {"lines":{"total":18,"covered":18,"skipped":0,"pct":100},"functions":{"total":5,"covered":4,"skipped":0,"pct":80},"statements":{"total":22,"covered":20,"skipped":0,"pct":90.9},"branches":{"total":8,"covered":7,"skipped":0,"pct":87.5}}
,"C:\\Users\\Robin Aleman\\Documents\\SPO\\WEBCLIENT\\src\\client\\components\\transport\\TransportPanel.tsx": {"lines":{"total":18,"covered":13,"skipped":0,"pct":72.22},"functions":{"total":8,"covered":5,"skipped":0,"pct":62.5},"statements":{"total":22,"covered":17,"skipped":0,"pct":77.27},"branches":{"total":16,"covered":3,"skipped":0,"pct":18.75}}
,"C:\\Users\\Robin Aleman\\Documents\\SPO\\WEBCLIENT\\src\\client\\components\\transport\\index.ts": {"lines":{"total":1,"covered":0,"skipped":0,"pct":0},"functions":{"total":1,"covered":0,"skipped":0,"pct":0},"statements":{"total":2,"covered":0,"skipped":0,"pct":0},"branches":{"total":0,"covered":0,"skipped":0,"pct":100}}
,"C:\\Users\\Robin Aleman\\Documents\\SPO\\WEBCLIENT\\src\\client\\context\\ClientContext.tsx": {"lines":{"total":6,"covered":6,"skipped":0,"pct":100},"functions":{"total":1,"covered":1,"skipped":0,"pct":100},"statements":{"total":7,"covered":6,"skipped":0,"pct":85.71},"branches":{"total":2,"covered":1,"skipped":0,"pct":50}}
,"C:\\Users\\Robin Aleman\\Documents\\SPO\\WEBCLIENT\\src\\client\\context\\index.ts": {"lines":{"total":1,"covered":1,"skipped":0,"pct":100},"functions":{"total":2,"covered":1,"skipped":0,"pct":50},"statements":{"total":3,"covered":3,"skipped":0,"pct":100},"branches":{"total":0,"covered":0,"skipped":0,"pct":100}}
,"C:\\Users\\Robin Aleman\\Documents\\SPO\\WEBCLIENT\\src\\client\\handlers\\auth-handler.ts": {"lines":{"total":187,"covered":85,"skipped":0,"pct":45.45},"functions":{"total":19,"covered":6,"skipped":0,"pct":31.57},"statements":{"total":194,"covered":89,"skipped":0,"pct":45.87},"branches":{"total":86,"covered":33,"skipped":0,"pct":38.37}}
,"C:\\Users\\Robin Aleman\\Documents\\SPO\\WEBCLIENT\\src\\client\\handlers\\build-menu-handler.ts": {"lines":{"total":185,"covered":0,"skipped":0,"pct":0},"functions":{"total":25,"covered":0,"skipped":0,"pct":0},"statements":{"total":193,"covered":0,"skipped":0,"pct":0},"branches":{"total":64,"covered":0,"skipped":0,"pct":0}}
,"C:\\Users\\Robin Aleman\\Documents\\SPO\\WEBCLIENT\\src\\client\\handlers\\building-action-handler.ts": {"lines":{"total":430,"covered":33,"skipped":0,"pct":7.67},"functions":{"total":56,"covered":2,"skipped":0,"pct":3.57},"statements":{"total":456,"covered":33,"skipped":0,"pct":7.23},"branches":{"total":218,"covered":1,"skipped":0,"pct":0.45}}
,"C:\\Users\\Robin Aleman\\Documents\\SPO\\WEBCLIENT\\src\\client\\handlers\\building-focus-handler.ts": {"lines":{"total":170,"covered":104,"skipped":0,"pct":61.17},"functions":{"total":11,"covered":6,"skipped":0,"pct":54.54},"statements":{"total":184,"covered":108,"skipped":0,"pct":58.69},"branches":{"total":120,"covered":42,"skipped":0,"pct":35}}
,"C:\\Users\\Robin Aleman\\Documents\\SPO\\WEBCLIENT\\src\\client\\handlers\\chat-handler.ts": {"lines":{"total":42,"covered":0,"skipped":0,"pct":0},"functions":{"total":5,"covered":0,"skipped":0,"pct":0},"statements":{"total":44,"covered":0,"skipped":0,"pct":0},"branches":{"total":10,"covered":0,"skipped":0,"pct":0}}
,"C:\\Users\\Robin Aleman\\Documents\\SPO\\WEBCLIENT\\src\\client\\handlers\\event-handler.ts": {"lines":{"total":175,"covered":48,"skipped":0,"pct":27.42},"functions":{"total":6,"covered":2,"skipped":0,"pct":33.33},"statements":{"total":176,"covered":48,"skipped":0,"pct":27.27},"branches":{"total":124,"covered":25,"skipped":0,"pct":20.16}}
,"C:\\Users\\Robin Aleman\\Documents\\SPO\\WEBCLIENT\\src\\client\\handlers\\handler-utils.ts": {"lines":{"total":19,"covered":19,"skipped":0,"pct":100},"functions":{"total":4,"covered":4,"skipped":0,"pct":100},"statements":{"total":20,"covered":20,"skipped":0,"pct":100},"branches":{"total":6,"covered":6,"skipped":0,"pct":100}}
,"C:\\Users\\Robin Aleman\\Documents\\SPO\\WEBCLIENT\\src\\client\\handlers\\index.ts": {"lines":{"total":9,"covered":0,"skipped":0,"pct":0},"functions":{"total":0,"covered":0,"skipped":0,"pct":100},"statements":{"total":9,"covered":0,"skipped":0,"pct":0},"branches":{"total":0,"covered":0,"skipped":0,"pct":100}}
,"C:\\Users\\Robin Aleman\\Documents\\SPO\\WEBCLIENT\\src\\client\\handlers\\map-handler.ts": {"lines":{"total":101,"covered":0,"skipped":0,"pct":0},"functions":{"total":8,"covered":0,"skipped":0,"pct":0},"statements":{"total":105,"covered":0,"skipped":0,"pct":0},"branches":{"total":70,"covered":0,"skipped":0,"pct":0}}
,"C:\\Users\\Robin Aleman\\Documents\\SPO\\WEBCLIENT\\src\\client\\handlers\\reconnect-utils.ts": {"lines":{"total":13,"covered":13,"skipped":0,"pct":100},"functions":{"total":4,"covered":4,"skipped":0,"pct":100},"statements":{"total":13,"covered":13,"skipped":0,"pct":100},"branches":{"total":4,"covered":3,"skipped":0,"pct":75}}
,"C:\\Users\\Robin Aleman\\Documents\\SPO\\WEBCLIENT\\src\\client\\handlers\\road-handler.ts": {"lines":{"total":108,"covered":0,"skipped":0,"pct":0},"functions":{"total":15,"covered":0,"skipped":0,"pct":0},"statements":{"total":109,"covered":0,"skipped":0,"pct":0},"branches":{"total":54,"covered":0,"skipped":0,"pct":0}}
,"C:\\Users\\Robin Aleman\\Documents\\SPO\\WEBCLIENT\\src\\client\\handlers\\zone-handler.ts": {"lines":{"total":49,"covered":0,"skipped":0,"pct":0},"functions":{"total":8,"covered":0,"skipped":0,"pct":0},"statements":{"total":52,"covered":0,"skipped":0,"pct":0},"branches":{"total":20,"covered":0,"skipped":0,"pct":0}}
,"C:\\Users\\Robin Aleman\\Documents\\SPO\\WEBCLIENT\\src\\client\\hooks\\useChangelogCheck.ts": {"lines":{"total":10,"covered":10,"skipped":0,"pct":100},"functions":{"total":5,"covered":5,"skipped":0,"pct":100},"statements":{"total":13,"covered":13,"skipped":0,"pct":100},"branches":{"total":2,"covered":2,"skipped":0,"pct":100}}
,"C:\\Users\\Robin Aleman\\Documents\\SPO\\WEBCLIENT\\src\\client\\hooks\\useCommandPalette.ts": {"lines":{"total":21,"covered":0,"skipped":0,"pct":0},"functions":{"total":6,"covered":0,"skipped":0,"pct":0},"statements":{"total":27,"covered":0,"skipped":0,"pct":0},"branches":{"total":8,"covered":0,"skipped":0,"pct":0}}
,"C:\\Users\\Robin Aleman\\Documents\\SPO\\WEBCLIENT\\src\\client\\hooks\\useKeyboardShortcuts.ts": {"lines":{"total":39,"covered":0,"skipped":0,"pct":0},"functions":{"total":5,"covered":0,"skipped":0,"pct":0},"statements":{"total":45,"covered":0,"skipped":0,"pct":0},"branches":{"total":29,"covered":0,"skipped":0,"pct":0}}
,"C:\\Users\\Robin Aleman\\Documents\\SPO\\WEBCLIENT\\src\\client\\hooks\\usePanel.ts": {"lines":{"total":18,"covered":12,"skipped":0,"pct":66.66},"functions":{"total":8,"covered":2,"skipped":0,"pct":25},"statements":{"total":22,"covered":12,"skipped":0,"pct":54.54},"branches":{"total":4,"covered":3,"skipped":0,"pct":75}}
,"C:\\Users\\Robin Aleman\\Documents\\SPO\\WEBCLIENT\\src\\client\\hooks\\useResponsive.ts": {"lines":{"total":16,"covered":0,"skipped":0,"pct":0},"functions":{"total":6,"covered":0,"skipped":0,"pct":0},"statements":{"total":21,"covered":0,"skipped":0,"pct":0},"branches":{"total":8,"covered":0,"skipped":0,"pct":0}}
,"C:\\Users\\Robin Aleman\\Documents\\SPO\\WEBCLIENT\\src\\client\\hooks\\useRotatingQuote.ts": {"lines":{"total":21,"covered":17,"skipped":0,"pct":80.95},"functions":{"total":6,"covered":5,"skipped":0,"pct":83.33},"statements":{"total":24,"covered":20,"skipped":0,"pct":83.33},"branches":{"total":6,"covered":2,"skipped":0,"pct":33.33}}
,"C:\\Users\\Robin Aleman\\Documents\\SPO\\WEBCLIENT\\src\\client\\hooks\\useSheetGesture.ts": {"lines":{"total":46,"covered":17,"skipped":0,"pct":36.95},"functions":{"total":4,"covered":1,"skipped":0,"pct":25},"statements":{"total":50,"covered":17,"skipped":0,"pct":34},"branches":{"total":23,"covered":0,"skipped":0,"pct":0}}
,"C:\\Users\\Robin Aleman\\Documents\\SPO\\WEBCLIENT\\src\\client\\input\\key-binding-registry.ts": {"lines":{"total":57,"covered":56,"skipped":0,"pct":98.24},"functions":{"total":14,"covered":14,"skipped":0,"pct":100},"statements":{"total":62,"covered":61,"skipped":0,"pct":98.38},"branches":{"total":33,"covered":30,"skipped":0,"pct":90.9}}
,"C:\\Users\\Robin Aleman\\Documents\\SPO\\WEBCLIENT\\src\\client\\layouts\\GameScreen.tsx": {"lines":{"total":45,"covered":0,"skipped":0,"pct":0},"functions":{"total":30,"covered":0,"skipped":0,"pct":0},"statements":{"total":73,"covered":0,"skipped":0,"pct":0},"branches":{"total":27,"covered":0,"skipped":0,"pct":0}}
,"C:\\Users\\Robin Aleman\\Documents\\SPO\\WEBCLIENT\\src\\client\\layouts\\LoginScreen.tsx": {"lines":{"total":61,"covered":0,"skipped":0,"pct":0},"functions":{"total":23,"covered":0,"skipped":0,"pct":0},"statements":{"total":77,"covered":0,"skipped":0,"pct":0},"branches":{"total":32,"covered":0,"skipped":0,"pct":0}}
,"C:\\Users\\Robin Aleman\\Documents\\SPO\\WEBCLIENT\\src\\client\\renderer\\car-class-system.ts": {"lines":{"total":44,"covered":42,"skipped":0,"pct":95.45},"functions":{"total":11,"covered":11,"skipped":0,"pct":100},"statements":{"total":47,"covered":45,"skipped":0,"pct":95.74},"branches":{"total":20,"covered":20,"skipped":0,"pct":100}}
,"C:\\Users\\Robin Aleman\\Documents\\SPO\\WEBCLIENT\\src\\client\\renderer\\chunk-cache.ts": {"lines":{"total":357,"covered":215,"skipped":0,"pct":60.22},"functions":{"total":41,"covered":30,"skipped":0,"pct":73.17},"statements":{"total":386,"covered":228,"skipped":0,"pct":59.06},"branches":{"total":138,"covered":66,"skipped":0,"pct":47.82}}
,"C:\\Users\\Robin Aleman\\Documents\\SPO\\WEBCLIENT\\src\\client\\renderer\\concrete-texture-system.ts": {"lines":{"total":161,"covered":140,"skipped":0,"pct":86.95},"functions":{"total":19,"covered":17,"skipped":0,"pct":89.47},"statements":{"total":179,"covered":150,"skipped":0,"pct":83.79},"branches":{"total":124,"covered":90,"skipped":0,"pct":72.58}}
,"C:\\Users\\Robin Aleman\\Documents\\SPO\\WEBCLIENT\\src\\client\\renderer\\coordinate-mapper.ts": {"lines":{"total":60,"covered":57,"skipped":0,"pct":95},"functions":{"total":8,"covered":8,"skipped":0,"pct":100},"statements":{"total":62,"covered":59,"skipped":0,"pct":95.16},"branches":{"total":12,"covered":8,"skipped":0,"pct":66.66}}
,"C:\\Users\\Robin Aleman\\Documents\\SPO\\WEBCLIENT\\src\\client\\renderer\\game-object-texture-cache.ts": {"lines":{"total":236,"covered":198,"skipped":0,"pct":83.89},"functions":{"total":25,"covered":22,"skipped":0,"pct":88},"statements":{"total":256,"covered":214,"skipped":0,"pct":83.59},"branches":{"total":162,"covered":131,"skipped":0,"pct":80.86}}
,"C:\\Users\\Robin Aleman\\Documents\\SPO\\WEBCLIENT\\src\\client\\renderer\\isometric-map-renderer.ts": {"lines":{"total":2402,"covered":131,"skipped":0,"pct":5.45},"functions":{"total":237,"covered":15,"skipped":0,"pct":6.32},"statements":{"total":2613,"covered":147,"skipped":0,"pct":5.62},"branches":{"total":1232,"covered":39,"skipped":0,"pct":3.16}}
,"C:\\Users\\Robin Aleman\\Documents\\SPO\\WEBCLIENT\\src\\client\\renderer\\isometric-terrain-renderer.ts": {"lines":{"total":429,"covered":207,"skipped":0,"pct":48.25},"functions":{"total":64,"covered":29,"skipped":0,"pct":45.31},"statements":{"total":459,"covered":209,"skipped":0,"pct":45.53},"branches":{"total":147,"covered":37,"skipped":0,"pct":25.17}}
,"C:\\Users\\Robin Aleman\\Documents\\SPO\\WEBCLIENT\\src\\client\\renderer\\placement-validation.ts": {"lines":{"total":16,"covered":16,"skipped":0,"pct":100},"functions":{"total":1,"covered":1,"skipped":0,"pct":100},"statements":{"total":17,"covered":17,"skipped":0,"pct":100},"branches":{"total":16,"covered":16,"skipped":0,"pct":100}}
,"C:\\Users\\Robin Aleman\\Documents\\SPO\\WEBCLIENT\\src\\client\\renderer\\road-texture-system.ts": {"lines":{"total":303,"covered":226,"skipped":0,"pct":74.58},"functions":{"total":40,"covered":33,"skipped":0,"pct":82.5},"statements":{"total":328,"covered":238,"skipped":0,"pct":72.56},"branches":{"total":182,"covered":116,"skipped":0,"pct":63.73}}
,"C:\\Users\\Robin Aleman\\Documents\\SPO\\WEBCLIENT\\src\\client\\renderer\\terrain-loader.ts": {"lines":{"total":93,"covered":79,"skipped":0,"pct":84.94},"functions":{"total":26,"covered":14,"skipped":0,"pct":53.84},"statements":{"total":99,"covered":85,"skipped":0,"pct":85.85},"branches":{"total":28,"covered":24,"skipped":0,"pct":85.71}}
,"C:\\Users\\Robin Aleman\\Documents\\SPO\\WEBCLIENT\\src\\client\\renderer\\texture-atlas-cache.ts": {"lines":{"total":89,"covered":77,"skipped":0,"pct":86.51},"functions":{"total":17,"covered":15,"skipped":0,"pct":88.23},"statements":{"total":91,"covered":78,"skipped":0,"pct":85.71},"branches":{"total":42,"covered":36,"skipped":0,"pct":85.71}}
,"C:\\Users\\Robin Aleman\\Documents\\SPO\\WEBCLIENT\\src\\client\\renderer\\texture-cache.ts": {"lines":{"total":123,"covered":88,"skipped":0,"pct":71.54},"functions":{"total":20,"covered":20,"skipped":0,"pct":100},"statements":{"total":126,"covered":89,"skipped":0,"pct":70.63},"branches":{"total":52,"covered":30,"skipped":0,"pct":57.69}}
,"C:\\Users\\Robin Aleman\\Documents\\SPO\\WEBCLIENT\\src\\client\\renderer\\touch-handler-2d.ts": {"lines":{"total":132,"covered":128,"skipped":0,"pct":96.96},"functions":{"total":12,"covered":11,"skipped":0,"pct":91.66},"statements":{"total":140,"covered":131,"skipped":0,"pct":93.57},"branches":{"total":53,"covered":41,"skipped":0,"pct":77.35}}
,"C:\\Users\\Robin Aleman\\Documents\\SPO\\WEBCLIENT\\src\\client\\renderer\\vegetation-flat-mapper.ts": {"lines":{"total":55,"covered":52,"skipped":0,"pct":94.54},"functions":{"total":11,"covered":8,"skipped":0,"pct":72.72},"statements":{"total":60,"covered":57,"skipped":0,"pct":95},"branches":{"total":20,"covered":16,"skipped":0,"pct":80}}
,"C:\\Users\\Robin Aleman\\Documents\\SPO\\WEBCLIENT\\src\\client\\renderer\\vehicle-animation-system.ts": {"lines":{"total":263,"covered":170,"skipped":0,"pct":64.63},"functions":{"total":34,"covered":29,"skipped":0,"pct":85.29},"statements":{"total":300,"covered":187,"skipped":0,"pct":62.33},"branches":{"total":175,"covered":84,"skipped":0,"pct":48}}
,"C:\\Users\\Robin Aleman\\Documents\\SPO\\WEBCLIENT\\src\\client\\store\\building-store.ts": {"lines":{"total":94,"covered":78,"skipped":0,"pct":82.97},"functions":{"total":55,"covered":44,"skipped":0,"pct":80},"statements":{"total":111,"covered":90,"skipped":0,"pct":81.08},"branches":{"total":95,"covered":72,"skipped":0,"pct":75.78}}
,"C:\\Users\\Robin Aleman\\Documents\\SPO\\WEBCLIENT\\src\\client\\store\\chat-store.ts": {"lines":{"total":27,"covered":22,"skipped":0,"pct":81.48},"functions":{"total":18,"covered":12,"skipped":0,"pct":66.66},"statements":{"total":31,"covered":25,"skipped":0,"pct":80.64},"branches":{"total":10,"covered":8,"skipped":0,"pct":80}}
,"C:\\Users\\Robin Aleman\\Documents\\SPO\\WEBCLIENT\\src\\client\\store\\empire-store.ts": {"lines":{"total":5,"covered":3,"skipped":0,"pct":60},"functions":{"total":4,"covered":2,"skipped":0,"pct":50},"statements":{"total":6,"covered":4,"skipped":0,"pct":66.66},"branches":{"total":0,"covered":0,"skipped":0,"pct":100}}
,"C:\\Users\\Robin Aleman\\Documents\\SPO\\WEBCLIENT\\src\\client\\store\\game-store.ts": {"lines":{"total":45,"covered":39,"skipped":0,"pct":86.66},"functions":{"total":42,"covered":35,"skipped":0,"pct":83.33},"statements":{"total":50,"covered":43,"skipped":0,"pct":86},"branches":{"total":6,"covered":5,"skipped":0,"pct":83.33}}
,"C:\\Users\\Robin Aleman\\Documents\\SPO\\WEBCLIENT\\src\\client\\store\\index.ts": {"lines":{"total":11,"covered":11,"skipped":0,"pct":100},"functions":{"total":11,"covered":1,"skipped":0,"pct":9.09},"statements":{"total":22,"covered":22,"skipped":0,"pct":100},"branches":{"total":0,"covered":0,"skipped":0,"pct":100}}
,"C:\\Users\\Robin Aleman\\Documents\\SPO\\WEBCLIENT\\src\\client\\store\\log-store.ts": {"lines":{"total":8,"covered":7,"skipped":0,"pct":87.5},"functions":{"total":4,"covered":3,"skipped":0,"pct":75},"statements":{"total":9,"covered":8,"skipped":0,"pct":88.88},"branches":{"total":2,"covered":1,"skipped":0,"pct":50}}
,"C:\\Users\\Robin Aleman\\Documents\\SPO\\WEBCLIENT\\src\\client\\store\\mail-store.ts": {"lines":{"total":11,"covered":10,"skipped":0,"pct":90.9},"functions":{"total":10,"covered":9,"skipped":0,"pct":90},"statements":{"total":12,"covered":11,"skipped":0,"pct":91.66},"branches":{"total":8,"covered":7,"skipped":0,"pct":87.5}}
,"C:\\Users\\Robin Aleman\\Documents\\SPO\\WEBCLIENT\\src\\client\\store\\politics-store.ts": {"lines":{"total":23,"covered":18,"skipped":0,"pct":78.26},"functions":{"total":13,"covered":10,"skipped":0,"pct":76.92},"statements":{"total":25,"covered":19,"skipped":0,"pct":76},"branches":{"total":6,"covered":3,"skipped":0,"pct":50}}
,"C:\\Users\\Robin Aleman\\Documents\\SPO\\WEBCLIENT\\src\\client\\store\\profile-store.ts": {"lines":{"total":17,"covered":13,"skipped":0,"pct":76.47},"functions":{"total":18,"covered":14,"skipped":0,"pct":77.77},"statements":{"total":20,"covered":16,"skipped":0,"pct":80},"branches":{"total":0,"covered":0,"skipped":0,"pct":100}}
,"C:\\Users\\Robin Aleman\\Documents\\SPO\\WEBCLIENT\\src\\client\\store\\search-store.ts": {"lines":{"total":17,"covered":11,"skipped":0,"pct":64.7},"functions":{"total":14,"covered":8,"skipped":0,"pct":57.14},"statements":{"total":20,"covered":13,"skipped":0,"pct":65},"branches":{"total":2,"covered":1,"skipped":0,"pct":50}}
,"C:\\Users\\Robin Aleman\\Documents\\SPO\\WEBCLIENT\\src\\client\\store\\transport-store.ts": {"lines":{"total":6,"covered":3,"skipped":0,"pct":50},"functions":{"total":5,"covered":2,"skipped":0,"pct":40},"statements":{"total":7,"covered":4,"skipped":0,"pct":57.14},"branches":{"total":0,"covered":0,"skipped":0,"pct":100}}
,"C:\\Users\\Robin Aleman\\Documents\\SPO\\WEBCLIENT\\src\\client\\store\\ui-store.ts": {"lines":{"total":58,"covered":41,"skipped":0,"pct":70.68},"functions":{"total":27,"covered":14,"skipped":0,"pct":51.85},"statements":{"total":61,"covered":42,"skipped":0,"pct":68.85},"branches":{"total":43,"covered":28,"skipped":0,"pct":65.11}}
,"C:\\Users\\Robin Aleman\\Documents\\SPO\\WEBCLIENT\\src\\client\\ui\\map-navigation-ui.ts": {"lines":{"total":58,"covered":0,"skipped":0,"pct":0},"functions":{"total":15,"covered":0,"skipped":0,"pct":0},"statements":{"total":63,"covered":0,"skipped":0,"pct":0},"branches":{"total":19,"covered":0,"skipped":0,"pct":0}}
,"C:\\Users\\Robin Aleman\\Documents\\SPO\\WEBCLIENT\\src\\client\\ui\\minimap-ui.ts": {"lines":{"total":314,"covered":248,"skipped":0,"pct":78.98},"functions":{"total":33,"covered":26,"skipped":0,"pct":78.78},"statements":{"total":352,"covered":266,"skipped":0,"pct":75.56},"branches":{"total":120,"covered":67,"skipped":0,"pct":55.83}}
,"C:\\Users\\Robin Aleman\\Documents\\SPO\\WEBCLIENT\\src\\mock-server\\capture-cli.ts": {"lines":{"total":36,"covered":34,"skipped":0,"pct":94.44},"functions":{"total":2,"covered":2,"skipped":0,"pct":100},"statements":{"total":44,"covered":42,"skipped":0,"pct":95.45},"branches":{"total":33,"covered":27,"skipped":0,"pct":81.81}}
,"C:\\Users\\Robin Aleman\\Documents\\SPO\\WEBCLIENT\\src\\mock-server\\capture-importer.ts": {"lines":{"total":141,"covered":0,"skipped":0,"pct":0},"functions":{"total":10,"covered":0,"skipped":0,"pct":0},"statements":{"total":149,"covered":0,"skipped":0,"pct":0},"branches":{"total":58,"covered":0,"skipped":0,"pct":0}}
,"C:\\Users\\Robin Aleman\\Documents\\SPO\\WEBCLIENT\\src\\mock-server\\capture-store.ts": {"lines":{"total":28,"covered":28,"skipped":0,"pct":100},"functions":{"total":12,"covered":12,"skipped":0,"pct":100},"statements":{"total":30,"covered":29,"skipped":0,"pct":96.66},"branches":{"total":8,"covered":7,"skipped":0,"pct":87.5}}
,"C:\\Users\\Robin Aleman\\Documents\\SPO\\WEBCLIENT\\src\\mock-server\\http-mock.ts": {"lines":{"total":45,"covered":45,"skipped":0,"pct":100},"functions":{"total":9,"covered":9,"skipped":0,"pct":100},"statements":{"total":52,"covered":52,"skipped":0,"pct":100},"branches":{"total":30,"covered":29,"skipped":0,"pct":96.66}}
,"C:\\Users\\Robin Aleman\\Documents\\SPO\\WEBCLIENT\\src\\mock-server\\index.ts": {"lines":{"total":17,"covered":0,"skipped":0,"pct":0},"functions":{"total":17,"covered":0,"skipped":0,"pct":0},"statements":{"total":27,"covered":0,"skipped":0,"pct":0},"branches":{"total":0,"covered":0,"skipped":0,"pct":100}}
,"C:\\Users\\Robin Aleman\\Documents\\SPO\\WEBCLIENT\\src\\mock-server\\log-capture-converter.ts": {"lines":{"total":161,"covered":159,"skipped":0,"pct":98.75},"functions":{"total":20,"covered":20,"skipped":0,"pct":100},"statements":{"total":178,"covered":173,"skipped":0,"pct":97.19},"branches":{"total":132,"covered":115,"skipped":0,"pct":87.12}}
,"C:\\Users\\Robin Aleman\\Documents\\SPO\\WEBCLIENT\\src\\mock-server\\mock-ws-client.ts": {"lines":{"total":69,"covered":55,"skipped":0,"pct":79.71},"functions":{"total":21,"covered":19,"skipped":0,"pct":90.47},"statements":{"total":73,"covered":56,"skipped":0,"pct":76.71},"branches":{"total":20,"covered":13,"skipped":0,"pct":65}}
,"C:\\Users\\Robin Aleman\\Documents\\SPO\\WEBCLIENT\\src\\mock-server\\rdo-mock.ts": {"lines":{"total":82,"covered":74,"skipped":0,"pct":90.24},"functions":{"total":16,"covered":12,"skipped":0,"pct":75},"statements":{"total":97,"covered":87,"skipped":0,"pct":89.69},"branches":{"total":119,"covered":110,"skipped":0,"pct":92.43}}
,"C:\\Users\\Robin Aleman\\Documents\\SPO\\WEBCLIENT\\src\\mock-server\\rdo-strict-validator.ts": {"lines":{"total":135,"covered":132,"skipped":0,"pct":97.77},"functions":{"total":24,"covered":24,"skipped":0,"pct":100},"statements":{"total":152,"covered":141,"skipped":0,"pct":92.76},"branches":{"total":122,"covered":96,"skipped":0,"pct":78.68}}
,"C:\\Users\\Robin Aleman\\Documents\\SPO\\WEBCLIENT\\src\\mock-server\\replay-engine.ts": {"lines":{"total":64,"covered":63,"skipped":0,"pct":98.43},"functions":{"total":14,"covered":13,"skipped":0,"pct":92.85},"statements":{"total":69,"covered":66,"skipped":0,"pct":95.65},"branches":{"total":41,"covered":35,"skipped":0,"pct":85.36}}
,"C:\\Users\\Robin Aleman\\Documents\\SPO\\WEBCLIENT\\src\\mock-server\\test-helpers.ts": {"lines":{"total":25,"covered":11,"skipped":0,"pct":44},"functions":{"total":4,"covered":2,"skipped":0,"pct":50},"statements":{"total":25,"covered":11,"skipped":0,"pct":44},"branches":{"total":3,"covered":0,"skipped":0,"pct":0}}
,"C:\\Users\\Robin Aleman\\Documents\\SPO\\WEBCLIENT\\src\\mock-server\\scenarios\\auth-scenario.ts": {"lines":{"total":7,"covered":7,"skipped":0,"pct":100},"functions":{"total":1,"covered":1,"skipped":0,"pct":100},"statements":{"total":7,"covered":7,"skipped":0,"pct":100},"branches":{"total":0,"covered":0,"skipped":0,"pct":100}}
,"C:\\Users\\Robin Aleman\\Documents\\SPO\\WEBCLIENT\\src\\mock-server\\scenarios\\build-menu-scenario.ts": {"lines":{"total":12,"covered":12,"skipped":0,"pct":100},"functions":{"total":3,"covered":3,"skipped":0,"pct":100},"statements":{"total":12,"covered":12,"skipped":0,"pct":100},"branches":{"total":0,"covered":0,"skipped":0,"pct":100}}
,"C:\\Users\\Robin Aleman\\Documents\\SPO\\WEBCLIENT\\src\\mock-server\\scenarios\\build-roads-scenario.ts": {"lines":{"total":13,"covered":13,"skipped":0,"pct":100},"functions":{"total":3,"covered":3,"skipped":0,"pct":100},"statements":{"total":13,"covered":13,"skipped":0,"pct":100},"branches":{"total":0,"covered":0,"skipped":0,"pct":100}}
,"C:\\Users\\Robin Aleman\\Documents\\SPO\\WEBCLIENT\\src\\mock-server\\scenarios\\building-details-scenario.ts": {"lines":{"total":34,"covered":34,"skipped":0,"pct":100},"functions":{"total":7,"covered":7,"skipped":0,"pct":100},"statements":{"total":37,"covered":37,"skipped":0,"pct":100},"branches":{"total":0,"covered":0,"skipped":0,"pct":100}}
,"C:\\Users\\Robin Aleman\\Documents\\SPO\\WEBCLIENT\\src\\mock-server\\scenarios\\company-list-scenario.ts": {"lines":{"total":11,"covered":11,"skipped":0,"pct":100},"functions":{"total":3,"covered":3,"skipped":0,"pct":100},"statements":{"total":11,"covered":11,"skipped":0,"pct":100},"branches":{"total":0,"covered":0,"skipped":0,"pct":100}}
,"C:\\Users\\Robin Aleman\\Documents\\SPO\\WEBCLIENT\\src\\mock-server\\scenarios\\mail-scenario.ts": {"lines":{"total":18,"covered":18,"skipped":0,"pct":100},"functions":{"total":4,"covered":4,"skipped":0,"pct":100},"statements":{"total":18,"covered":18,"skipped":0,"pct":100},"branches":{"total":8,"covered":8,"skipped":0,"pct":100}}
,"C:\\Users\\Robin Aleman\\Documents\\SPO\\WEBCLIENT\\src\\mock-server\\scenarios\\scenario-registry.ts": {"lines":{"total":46,"covered":46,"skipped":0,"pct":100},"functions":{"total":11,"covered":11,"skipped":0,"pct":100},"statements":{"total":46,"covered":46,"skipped":0,"pct":100},"branches":{"total":10,"covered":8,"skipped":0,"pct":80}}
,"C:\\Users\\Robin Aleman\\Documents\\SPO\\WEBCLIENT\\src\\mock-server\\scenarios\\scenario-variables.ts": {"lines":{"total":15,"covered":15,"skipped":0,"pct":100},"functions":{"total":2,"covered":2,"skipped":0,"pct":100},"statements":{"total":16,"covered":16,"skipped":0,"pct":100},"branches":{"total":11,"covered":11,"skipped":0,"pct":100}}
,"C:\\Users\\Robin Aleman\\Documents\\SPO\\WEBCLIENT\\src\\mock-server\\scenarios\\select-company-scenario.ts": {"lines":{"total":13,"covered":13,"skipped":0,"pct":100},"functions":{"total":2,"covered":2,"skipped":0,"pct":100},"statements":{"total":13,"covered":13,"skipped":0,"pct":100},"branches":{"total":0,"covered":0,"skipped":0,"pct":100}}
,"C:\\Users\\Robin Aleman\\Documents\\SPO\\WEBCLIENT\\src\\mock-server\\scenarios\\switch-focus-scenario.ts": {"lines":{"total":15,"covered":15,"skipped":0,"pct":100},"functions":{"total":2,"covered":2,"skipped":0,"pct":100},"statements":{"total":18,"covered":18,"skipped":0,"pct":100},"branches":{"total":0,"covered":0,"skipped":0,"pct":100}}
,"C:\\Users\\Robin Aleman\\Documents\\SPO\\WEBCLIENT\\src\\mock-server\\scenarios\\world-list-scenario.ts": {"lines":{"total":28,"covered":28,"skipped":0,"pct":100},"functions":{"total":3,"covered":3,"skipped":0,"pct":100},"statements":{"total":35,"covered":35,"skipped":0,"pct":100},"branches":{"total":16,"covered":16,"skipped":0,"pct":100}}
,"C:\\Users\\Robin Aleman\\Documents\\SPO\\WEBCLIENT\\src\\mock-server\\scenarios\\captured\\chat-captured.scenario.ts": {"lines":{"total":1,"covered":1,"skipped":0,"pct":100},"functions":{"total":0,"covered":0,"skipped":0,"pct":100},"statements":{"total":1,"covered":1,"skipped":0,"pct":100},"branches":{"total":0,"covered":0,"skipped":0,"pct":100}}
,"C:\\Users\\Robin Aleman\\Documents\\SPO\\WEBCLIENT\\src\\mock-server\\scenarios\\captured\\login-full-captured.scenario.ts": {"lines":{"total":1,"covered":1,"skipped":0,"pct":100},"functions":{"total":0,"covered":0,"skipped":0,"pct":100},"statements":{"total":1,"covered":1,"skipped":0,"pct":100},"branches":{"total":0,"covered":0,"skipped":0,"pct":100}}
,"C:\\Users\\Robin Aleman\\Documents\\SPO\\WEBCLIENT\\src\\mock-server\\scenarios\\captured\\mail-read-captured.scenario.ts": {"lines":{"total":1,"covered":1,"skipped":0,"pct":100},"functions":{"total":0,"covered":0,"skipped":0,"pct":100},"statements":{"total":1,"covered":1,"skipped":0,"pct":100},"branches":{"total":0,"covered":0,"skipped":0,"pct":100}}
,"C:\\Users\\Robin Aleman\\Documents\\SPO\\WEBCLIENT\\src\\mock-server\\scenarios\\captured\\panels-tour-captured.scenario.ts": {"lines":{"total":1,"covered":1,"skipped":0,"pct":100},"functions":{"total":0,"covered":0,"skipped":0,"pct":100},"statements":{"total":1,"covered":1,"skipped":0,"pct":100},"branches":{"total":0,"covered":0,"skipped":0,"pct":100}}
,"C:\\Users\\Robin Aleman\\Documents\\SPO\\WEBCLIENT\\src\\mock-server\\scenarios\\captured\\road-build-rejected-captured.scenario.ts": {"lines":{"total":1,"covered":1,"skipped":0,"pct":100},"functions":{"total":0,"covered":0,"skipped":0,"pct":100},"statements":{"total":1,"covered":1,"skipped":0,"pct":100},"branches":{"total":0,"covered":0,"skipped":0,"pct":100}}
,"C:\\Users\\Robin Aleman\\Documents\\SPO\\WEBCLIENT\\src\\mock-server\\types\\mock-types.ts": {"lines":{"total":6,"covered":6,"skipped":0,"pct":100},"functions":{"total":1,"covered":1,"skipped":0,"pct":100},"statements":{"total":6,"covered":6,"skipped":0,"pct":100},"branches":{"total":2,"covered":2,"skipped":0,"pct":100}}
,"C:\\Users\\Robin Aleman\\Documents\\SPO\\WEBCLIENT\\src\\server\\asp-url-extractor.ts": {"lines":{"total":140,"covered":139,"skipped":0,"pct":99.28},"functions":{"total":7,"covered":7,"skipped":0,"pct":100},"statements":{"total":152,"covered":147,"skipped":0,"pct":96.71},"branches":{"total":120,"covered":95,"skipped":0,"pct":79.16}}
,"C:\\Users\\Robin Aleman\\Documents\\SPO\\WEBCLIENT\\src\\server\\building-data-service.ts": {"lines":{"total":94,"covered":81,"skipped":0,"pct":86.17},"functions":{"total":21,"covered":16,"skipped":0,"pct":76.19},"statements":{"total":100,"covered":83,"skipped":0,"pct":83},"branches":{"total":42,"covered":34,"skipped":0,"pct":80.95}}
,"C:\\Users\\Robin Aleman\\Documents\\SPO\\WEBCLIENT\\src\\server\\cab-extractor.ts": {"lines":{"total":55,"covered":47,"skipped":0,"pct":85.45},"functions":{"total":6,"covered":6,"skipped":0,"pct":100},"statements":{"total":55,"covered":47,"skipped":0,"pct":85.45},"branches":{"total":27,"covered":19,"skipped":0,"pct":70.37}}
,"C:\\Users\\Robin Aleman\\Documents\\SPO\\WEBCLIENT\\src\\server\\cache-sync-service.ts": {"lines":{"total":50,"covered":0,"skipped":0,"pct":0},"functions":{"total":8,"covered":0,"skipped":0,"pct":0},"statements":{"total":52,"covered":0,"skipped":0,"pct":0},"branches":{"total":8,"covered":0,"skipped":0,"pct":0}}
,"C:\\Users\\Robin Aleman\\Documents\\SPO\\WEBCLIENT\\src\\server\\cache-watcher.ts": {"lines":{"total":44,"covered":43,"skipped":0,"pct":97.72},"functions":{"total":8,"covered":7,"skipped":0,"pct":87.5},"statements":{"total":49,"covered":48,"skipped":0,"pct":97.95},"branches":{"total":23,"covered":19,"skipped":0,"pct":82.6}}
,"C:\\Users\\Robin Aleman\\Documents\\SPO\\WEBCLIENT\\src\\server\\classes-bin-parser.ts": {"lines":{"total":139,"covered":128,"skipped":0,"pct":92.08},"functions":{"total":5,"covered":5,"skipped":0,"pct":100},"statements":{"total":170,"covered":148,"skipped":0,"pct":87.05},"branches":{"total":141,"covered":94,"skipped":0,"pct":66.66}}
,"C:\\Users\\Robin Aleman\\Documents\\SPO\\WEBCLIENT\\src\\server\\facility-dimensions-cache.ts": {"lines":{"total":52,"covered":31,"skipped":0,"pct":59.61},"functions":{"total":19,"covered":9,"skipped":0,"pct":47.36},"statements":{"total":53,"covered":31,"skipped":0,"pct":58.49},"branches":{"total":6,"covered":3,"skipped":0,"pct":50}}
,"C:\\Users\\Robin Aleman\\Documents\\SPO\\WEBCLIENT\\src\\server\\mail-list-parser.ts": {"lines":{"total":24,"covered":24,"skipped":0,"pct":100},"functions":{"total":1,"covered":1,"skipped":0,"pct":100},"statements":{"total":24,"covered":24,"skipped":0,"pct":100},"branches":{"total":17,"covered":14,"skipped":0,"pct":82.35}}
,"C:\\Users\\Robin Aleman\\Documents\\SPO\\WEBCLIENT\\src\\server\\map-data-service.ts": {"lines":{"total":109,"covered":103,"skipped":0,"pct":94.49},"functions":{"total":9,"covered":9,"skipped":0,"pct":100},"statements":{"total":120,"covered":111,"skipped":0,"pct":92.5},"branches":{"total":78,"covered":63,"skipped":0,"pct":80.76}}
,"C:\\Users\\Robin Aleman\\Documents\\SPO\\WEBCLIENT\\src\\server\\map-parsers.ts": {"lines":{"total":101,"covered":89,"skipped":0,"pct":88.11},"functions":{"total":11,"covered":11,"skipped":0,"pct":100},"statements":{"total":110,"covered":98,"skipped":0,"pct":89.09},"branches":{"total":59,"covered":48,"skipped":0,"pct":81.35}}
,"C:\\Users\\Robin Aleman\\Documents\\SPO\\WEBCLIENT\\src\\server\\paths.ts": {"lines":{"total":21,"covered":21,"skipped":0,"pct":100},"functions":{"total":6,"covered":6,"skipped":0,"pct":100},"statements":{"total":21,"covered":21,"skipped":0,"pct":100},"branches":{"total":15,"covered":15,"skipped":0,"pct":100}}
,"C:\\Users\\Robin Aleman\\Documents\\SPO\\WEBCLIENT\\src\\server\\rdo-helpers.ts": {"lines":{"total":71,"covered":64,"skipped":0,"pct":90.14},"functions":{"total":14,"covered":14,"skipped":0,"pct":100},"statements":{"total":73,"covered":66,"skipped":0,"pct":90.41},"branches":{"total":37,"covered":33,"skipped":0,"pct":89.18}}
,"C:\\Users\\Robin Aleman\\Documents\\SPO\\WEBCLIENT\\src\\server\\rdo.ts": {"lines":{"total":196,"covered":191,"skipped":0,"pct":97.44},"functions":{"total":13,"covered":13,"skipped":0,"pct":100},"statements":{"total":202,"covered":197,"skipped":0,"pct":97.52},"branches":{"total":155,"covered":141,"skipped":0,"pct":90.96}}
,"C:\\Users\\Robin Aleman\\Documents\\SPO\\WEBCLIENT\\src\\server\\search-menu-parser.ts": {"lines":{"total":127,"covered":55,"skipped":0,"pct":43.3},"functions":{"total":15,"covered":7,"skipped":0,"pct":46.66},"statements":{"total":133,"covered":57,"skipped":0,"pct":42.85},"branches":{"total":93,"covered":35,"skipped":0,"pct":37.63}}
,"C:\\Users\\Robin Aleman\\Documents\\SPO\\WEBCLIENT\\src\\server\\search-menu-service.ts": {"lines":{"total":67,"covered":0,"skipped":0,"pct":0},"functions":{"total":19,"covered":0,"skipped":0,"pct":0},"statements":{"total":70,"covered":0,"skipped":0,"pct":0},"branches":{"total":16,"covered":0,"skipped":0,"pct":0}}
,"C:\\Users\\Robin Aleman\\Documents\\SPO\\WEBCLIENT\\src\\server\\server.ts": {"lines":{"total":720,"covered":0,"skipped":0,"pct":0},"functions":{"total":65,"covered":0,"skipped":0,"pct":0},"statements":{"total":739,"covered":0,"skipped":0,"pct":0},"branches":{"total":362,"covered":0,"skipped":0,"pct":0}}
,"C:\\Users\\Robin Aleman\\Documents\\SPO\\WEBCLIENT\\src\\server\\service-registry.ts": {"lines":{"total":183,"covered":123,"skipped":0,"pct":67.21},"functions":{"total":38,"covered":22,"skipped":0,"pct":57.89},"statements":{"total":199,"covered":133,"skipped":0,"pct":66.83},"branches":{"total":80,"covered":52,"skipped":0,"pct":65}}
,"C:\\Users\\Robin Aleman\\Documents\\SPO\\WEBCLIENT\\src\\server\\spo_session.ts": {"lines":{"total":1081,"covered":650,"skipped":0,"pct":60.12},"functions":{"total":243,"covered":120,"skipped":0,"pct":49.38},"statements":{"total":1131,"covered":665,"skipped":0,"pct":58.79},"branches":{"total":487,"covered":227,"skipped":0,"pct":46.61}}
,"C:\\Users\\Robin Aleman\\Documents\\SPO\\WEBCLIENT\\src\\server\\update-service.ts": {"lines":{"total":308,"covered":121,"skipped":0,"pct":39.28},"functions":{"total":32,"covered":16,"skipped":0,"pct":50},"statements":{"total":316,"covered":121,"skipped":0,"pct":38.29},"branches":{"total":141,"covered":37,"skipped":0,"pct":26.24}}
,"C:\\Users\\Robin Aleman\\Documents\\SPO\\WEBCLIENT\\src\\server\\session\\auto-connection-handler.ts": {"lines":{"total":165,"covered":9,"skipped":0,"pct":5.45},"functions":{"total":7,"covered":0,"skipped":0,"pct":0},"statements":{"total":172,"covered":9,"skipped":0,"pct":5.23},"branches":{"total":171,"covered":0,"skipped":0,"pct":0}}
,"C:\\Users\\Robin Aleman\\Documents\\SPO\\WEBCLIENT\\src\\server\\session\\building-details-handler.ts": {"lines":{"total":541,"covered":56,"skipped":0,"pct":10.35},"functions":{"total":68,"covered":16,"skipped":0,"pct":23.52},"statements":{"total":594,"covered":61,"skipped":0,"pct":10.26},"branches":{"total":392,"covered":19,"skipped":0,"pct":4.84}}
,"C:\\Users\\Robin Aleman\\Documents\\SPO\\WEBCLIENT\\src\\server\\session\\building-management-handler.ts": {"lines":{"total":116,"covered":67,"skipped":0,"pct":57.75},"functions":{"total":13,"covered":9,"skipped":0,"pct":69.23},"statements":{"total":121,"covered":71,"skipped":0,"pct":58.67},"branches":{"total":58,"covered":20,"skipped":0,"pct":34.48}}
,"C:\\Users\\Robin Aleman\\Documents\\SPO\\WEBCLIENT\\src\\server\\session\\building-property-handler.ts": {"lines":{"total":271,"covered":74,"skipped":0,"pct":27.3},"functions":{"total":11,"covered":8,"skipped":0,"pct":72.72},"statements":{"total":278,"covered":77,"skipped":0,"pct":27.69},"branches":{"total":245,"covered":34,"skipped":0,"pct":13.87}}
,"C:\\Users\\Robin Aleman\\Documents\\SPO\\WEBCLIENT\\src\\server\\session\\building-templates-handler.ts": {"lines":{"total":235,"covered":39,"skipped":0,"pct":16.59},"functions":{"total":10,"covered":2,"skipped":0,"pct":20},"statements":{"total":236,"covered":39,"skipped":0,"pct":16.52},"branches":{"total":138,"covered":10,"skipped":0,"pct":7.24}}
,"C:\\Users\\Robin Aleman\\Documents\\SPO\\WEBCLIENT\\src\\server\\session\\chat-handler.ts": {"lines":{"total":63,"covered":34,"skipped":0,"pct":53.96},"functions":{"total":12,"covered":5,"skipped":0,"pct":41.66},"statements":{"total":72,"covered":35,"skipped":0,"pct":48.61},"branches":{"total":38,"covered":14,"skipped":0,"pct":36.84}}
,"C:\\Users\\Robin Aleman\\Documents\\SPO\\WEBCLIENT\\src\\server\\session\\construction-lock.ts": {"lines":{"total":6,"covered":6,"skipped":0,"pct":100},"functions":{"total":1,"covered":1,"skipped":0,"pct":100},"statements":{"total":6,"covered":6,"skipped":0,"pct":100},"branches":{"total":2,"covered":2,"skipped":0,"pct":100}}
,"C:\\Users\\Robin Aleman\\Documents\\SPO\\WEBCLIENT\\src\\server\\session\\diagnostics-readouts.ts": {"lines":{"total":14,"covered":14,"skipped":0,"pct":100},"functions":{"total":8,"covered":8,"skipped":0,"pct":100},"statements":{"total":14,"covered":14,"skipped":0,"pct":100},"branches":{"total":0,"covered":0,"skipped":0,"pct":100}}
,"C:\\Users\\Robin Aleman\\Documents\\SPO\\WEBCLIENT\\src\\server\\session\\login-handler.ts": {"lines":{"total":398,"covered":304,"skipped":0,"pct":76.38},"functions":{"total":26,"covered":18,"skipped":0,"pct":69.23},"statements":{"total":422,"covered":319,"skipped":0,"pct":75.59},"branches":{"total":184,"covered":105,"skipped":0,"pct":57.06}}
,"C:\\Users\\Robin Aleman\\Documents\\SPO\\WEBCLIENT\\src\\server\\session\\mail-handler.ts": {"lines":{"total":145,"covered":17,"skipped":0,"pct":11.72},"functions":{"total":13,"covered":3,"skipped":0,"pct":23.07},"statements":{"total":149,"covered":17,"skipped":0,"pct":11.4},"branches":{"total":86,"covered":0,"skipped":0,"pct":0}}
,"C:\\Users\\Robin Aleman\\Documents\\SPO\\WEBCLIENT\\src\\server\\session\\politics-handler.ts": {"lines":{"total":166,"covered":46,"skipped":0,"pct":27.71},"functions":{"total":15,"covered":5,"skipped":0,"pct":33.33},"statements":{"total":174,"covered":47,"skipped":0,"pct":27.01},"branches":{"total":113,"covered":21,"skipped":0,"pct":18.58}}
,"C:\\Users\\Robin Aleman\\Documents\\SPO\\WEBCLIENT\\src\\server\\session\\profile-finance-handler.ts": {"lines":{"total":269,"covered":10,"skipped":0,"pct":3.71},"functions":{"total":13,"covered":0,"skipped":0,"pct":0},"statements":{"total":290,"covered":10,"skipped":0,"pct":3.44},"branches":{"total":208,"covered":0,"skipped":0,"pct":0}}
,"C:\\Users\\Robin Aleman\\Documents\\SPO\\WEBCLIENT\\src\\server\\session\\property-fallback-census.ts": {"lines":{"total":14,"covered":14,"skipped":0,"pct":100},"functions":{"total":4,"covered":4,"skipped":0,"pct":100},"statements":{"total":15,"covered":15,"skipped":0,"pct":100},"branches":{"total":4,"covered":4,"skipped":0,"pct":100}}
,"C:\\Users\\Robin Aleman\\Documents\\SPO\\WEBCLIENT\\src\\server\\session\\push-dispatcher.ts": {"lines":{"total":155,"covered":43,"skipped":0,"pct":27.74},"functions":{"total":2,"covered":1,"skipped":0,"pct":50},"statements":{"total":156,"covered":43,"skipped":0,"pct":27.56},"branches":{"total":126,"covered":20,"skipped":0,"pct":15.87}}
,"C:\\Users\\Robin Aleman\\Documents\\SPO\\WEBCLIENT\\src\\server\\session\\rdo-connection-pool.ts": {"lines":{"total":117,"covered":72,"skipped":0,"pct":61.53},"functions":{"total":29,"covered":17,"skipped":0,"pct":58.62},"statements":{"total":129,"covered":74,"skipped":0,"pct":57.36},"branches":{"total":41,"covered":19,"skipped":0,"pct":46.34}}
,"C:\\Users\\Robin Aleman\\Documents\\SPO\\WEBCLIENT\\src\\server\\session\\rdo-error-classifier.ts": {"lines":{"total":26,"covered":26,"skipped":0,"pct":100},"functions":{"total":3,"covered":3,"skipped":0,"pct":100},"statements":{"total":26,"covered":26,"skipped":0,"pct":100},"branches":{"total":60,"covered":60,"skipped":0,"pct":100}}
,"C:\\Users\\Robin Aleman\\Documents\\SPO\\WEBCLIENT\\src\\server\\session\\rdo-error-contract.ts": {"lines":{"total":29,"covered":29,"skipped":0,"pct":100},"functions":{"total":6,"covered":6,"skipped":0,"pct":100},"statements":{"total":31,"covered":31,"skipped":0,"pct":100},"branches":{"total":20,"covered":20,"skipped":0,"pct":100}}
,"C:\\Users\\Robin Aleman\\Documents\\SPO\\WEBCLIENT\\src\\server\\session\\rdo-request-guards.ts": {"lines":{"total":15,"covered":15,"skipped":0,"pct":100},"functions":{"total":4,"covered":4,"skipped":0,"pct":100},"statements":{"total":19,"covered":19,"skipped":0,"pct":100},"branches":{"total":16,"covered":16,"skipped":0,"pct":100}}
,"C:\\Users\\Robin Aleman\\Documents\\SPO\\WEBCLIENT\\src\\server\\session\\research-handler.ts": {"lines":{"total":56,"covered":7,"skipped":0,"pct":12.5},"functions":{"total":2,"covered":0,"skipped":0,"pct":0},"statements":{"total":62,"covered":7,"skipped":0,"pct":11.29},"branches":{"total":22,"covered":0,"skipped":0,"pct":0}}
,"C:\\Users\\Robin Aleman\\Documents\\SPO\\WEBCLIENT\\src\\server\\session\\road-handler.ts": {"lines":{"total":129,"covered":9,"skipped":0,"pct":6.97},"functions":{"total":5,"covered":0,"skipped":0,"pct":0},"statements":{"total":130,"covered":9,"skipped":0,"pct":6.92},"branches":{"total":63,"covered":0,"skipped":0,"pct":0}}
,"C:\\Users\\Robin Aleman\\Documents\\SPO\\WEBCLIENT\\src\\server\\session\\session-utils.ts": {"lines":{"total":58,"covered":58,"skipped":0,"pct":100},"functions":{"total":3,"covered":3,"skipped":0,"pct":100},"statements":{"total":80,"covered":80,"skipped":0,"pct":100},"branches":{"total":72,"covered":72,"skipped":0,"pct":100}}
,"C:\\Users\\Robin Aleman\\Documents\\SPO\\WEBCLIENT\\src\\server\\session\\zone-surface-handler.ts": {"lines":{"total":54,"covered":5,"skipped":0,"pct":9.25},"functions":{"total":4,"covered":0,"skipped":0,"pct":0},"statements":{"total":57,"covered":5,"skipped":0,"pct":8.77},"branches":{"total":22,"covered":0,"skipped":0,"pct":0}}
,"C:\\Users\\Robin Aleman\\Documents\\SPO\\WEBCLIENT\\src\\server\\ws-handlers\\auth-handlers.ts": {"lines":{"total":68,"covered":25,"skipped":0,"pct":36.76},"functions":{"total":7,"covered":1,"skipped":0,"pct":14.28},"statements":{"total":75,"covered":32,"skipped":0,"pct":42.66},"branches":{"total":30,"covered":9,"skipped":0,"pct":30}}
,"C:\\Users\\Robin Aleman\\Documents\\SPO\\WEBCLIENT\\src\\server\\ws-handlers\\building-handlers.ts": {"lines":{"total":113,"covered":28,"skipped":0,"pct":24.77},"functions":{"total":29,"covered":2,"skipped":0,"pct":6.89},"statements":{"total":113,"covered":28,"skipped":0,"pct":24.77},"branches":{"total":12,"covered":2,"skipped":0,"pct":16.66}}
,"C:\\Users\\Robin Aleman\\Documents\\SPO\\WEBCLIENT\\src\\server\\ws-handlers\\chat-handlers.ts": {"lines":{"total":44,"covered":0,"skipped":0,"pct":0},"functions":{"total":7,"covered":0,"skipped":0,"pct":0},"statements":{"total":51,"covered":0,"skipped":0,"pct":0},"branches":{"total":8,"covered":0,"skipped":0,"pct":0}}
,"C:\\Users\\Robin Aleman\\Documents\\SPO\\WEBCLIENT\\src\\server\\ws-handlers\\index.ts": {"lines":{"total":12,"covered":0,"skipped":0,"pct":0},"functions":{"total":0,"covered":0,"skipped":0,"pct":100},"statements":{"total":12,"covered":0,"skipped":0,"pct":0},"branches":{"total":0,"covered":0,"skipped":0,"pct":100}}
,"C:\\Users\\Robin Aleman\\Documents\\SPO\\WEBCLIENT\\src\\server\\ws-handlers\\mail-handlers.ts": {"lines":{"total":36,"covered":0,"skipped":0,"pct":0},"functions":{"total":7,"covered":0,"skipped":0,"pct":0},"statements":{"total":36,"covered":0,"skipped":0,"pct":0},"branches":{"total":4,"covered":0,"skipped":0,"pct":0}}
,"C:\\Users\\Robin Aleman\\Documents\\SPO\\WEBCLIENT\\src\\server\\ws-handlers\\map-handlers.ts": {"lines":{"total":26,"covered":0,"skipped":0,"pct":0},"functions":{"total":6,"covered":0,"skipped":0,"pct":0},"statements":{"total":30,"covered":0,"skipped":0,"pct":0},"branches":{"total":0,"covered":0,"skipped":0,"pct":100}}
,"C:\\Users\\Robin Aleman\\Documents\\SPO\\WEBCLIENT\\src\\server\\ws-handlers\\misc-handlers.ts": {"lines":{"total":115,"covered":44,"skipped":0,"pct":38.26},"functions":{"total":19,"covered":3,"skipped":0,"pct":15.78},"statements":{"total":128,"covered":55,"skipped":0,"pct":42.96},"branches":{"total":48,"covered":17,"skipped":0,"pct":35.41}}
,"C:\\Users\\Robin Aleman\\Documents\\SPO\\WEBCLIENT\\src\\server\\ws-handlers\\politics-handlers.ts": {"lines":{"total":32,"covered":0,"skipped":0,"pct":0},"functions":{"total":5,"covered":0,"skipped":0,"pct":0},"statements":{"total":37,"covered":0,"skipped":0,"pct":0},"branches":{"total":0,"covered":0,"skipped":0,"pct":100}}
,"C:\\Users\\Robin Aleman\\Documents\\SPO\\WEBCLIENT\\src\\server\\ws-handlers\\profile-handlers.ts": {"lines":{"total":50,"covered":0,"skipped":0,"pct":0},"functions":{"total":11,"covered":0,"skipped":0,"pct":0},"statements":{"total":50,"covered":0,"skipped":0,"pct":0},"branches":{"total":0,"covered":0,"skipped":0,"pct":100}}
,"C:\\Users\\Robin Aleman\\Documents\\SPO\\WEBCLIENT\\src\\server\\ws-handlers\\road-handlers.ts": {"lines":{"total":31,"covered":0,"skipped":0,"pct":0},"functions":{"total":8,"covered":0,"skipped":0,"pct":0},"statements":{"total":31,"covered":0,"skipped":0,"pct":0},"branches":{"total":0,"covered":0,"skipped":0,"pct":100}}
,"C:\\Users\\Robin Aleman\\Documents\\SPO\\WEBCLIENT\\src\\server\\ws-handlers\\search-handlers.ts": {"lines":{"total":55,"covered":0,"skipped":0,"pct":0},"functions":{"total":7,"covered":0,"skipped":0,"pct":0},"statements":{"total":55,"covered":0,"skipped":0,"pct":0},"branches":{"total":14,"covered":0,"skipped":0,"pct":0}}
,"C:\\Users\\Robin Aleman\\Documents\\SPO\\WEBCLIENT\\src\\server\\ws-handlers\\ws-utils.ts": {"lines":{"total":13,"covered":13,"skipped":0,"pct":100},"functions":{"total":3,"covered":3,"skipped":0,"pct":100},"statements":{"total":13,"covered":13,"skipped":0,"pct":100},"branches":{"total":3,"covered":1,"skipped":0,"pct":33.33}}
,"C:\\Users\\Robin Aleman\\Documents\\SPO\\WEBCLIENT\\src\\shared\\auth-error.ts": {"lines":{"total":4,"covered":4,"skipped":0,"pct":100},"functions":{"total":1,"covered":1,"skipped":0,"pct":100},"statements":{"total":4,"covered":4,"skipped":0,"pct":100},"branches":{"total":0,"covered":0,"skipped":0,"pct":100}}
,"C:\\Users\\Robin Aleman\\Documents\\SPO\\WEBCLIENT\\src\\shared\\cluster-data.ts": {"lines":{"total":3,"covered":3,"skipped":0,"pct":100},"functions":{"total":0,"covered":0,"skipped":0,"pct":100},"statements":{"total":3,"covered":3,"skipped":0,"pct":100},"branches":{"total":0,"covered":0,"skipped":0,"pct":100}}
,"C:\\Users\\Robin Aleman\\Documents\\SPO\\WEBCLIENT\\src\\shared\\config.ts": {"lines":{"total":6,"covered":6,"skipped":0,"pct":100},"functions":{"total":2,"covered":2,"skipped":0,"pct":100},"statements":{"total":7,"covered":6,"skipped":0,"pct":85.71},"branches":{"total":38,"covered":34,"skipped":0,"pct":89.47}}
,"C:\\Users\\Robin Aleman\\Documents\\SPO\\WEBCLIENT\\src\\shared\\constants.ts": {"lines":{"total":5,"covered":5,"skipped":0,"pct":100},"functions":{"total":1,"covered":1,"skipped":0,"pct":100},"statements":{"total":5,"covered":5,"skipped":0,"pct":100},"branches":{"total":0,"covered":0,"skipped":0,"pct":100}}
,"C:\\Users\\Robin Aleman\\Documents\\SPO\\WEBCLIENT\\src\\shared\\cp1252.ts": {"lines":{"total":64,"covered":64,"skipped":0,"pct":100},"functions":{"total":6,"covered":6,"skipped":0,"pct":100},"statements":{"total":69,"covered":69,"skipped":0,"pct":100},"branches":{"total":29,"covered":29,"skipped":0,"pct":100}}
,"C:\\Users\\Robin Aleman\\Documents\\SPO\\WEBCLIENT\\src\\shared\\error-codes.ts": {"lines":{"total":89,"covered":46,"skipped":0,"pct":51.68},"functions":{"total":1,"covered":1,"skipped":0,"pct":100},"statements":{"total":89,"covered":46,"skipped":0,"pct":51.68},"branches":{"total":44,"covered":1,"skipped":0,"pct":2.27}}
,"C:\\Users\\Robin Aleman\\Documents\\SPO\\WEBCLIENT\\src\\shared\\error-utils.ts": {"lines":{"total":4,"covered":3,"skipped":0,"pct":75},"functions":{"total":1,"covered":1,"skipped":0,"pct":100},"statements":{"total":6,"covered":5,"skipped":0,"pct":83.33},"branches":{"total":4,"covered":3,"skipped":0,"pct":75}}
,"C:\\Users\\Robin Aleman\\Documents\\SPO\\WEBCLIENT\\src\\shared\\land-utils.ts": {"lines":{"total":99,"covered":55,"skipped":0,"pct":55.55},"functions":{"total":18,"covered":9,"skipped":0,"pct":50},"statements":{"total":104,"covered":55,"skipped":0,"pct":52.88},"branches":{"total":55,"covered":10,"skipped":0,"pct":18.18}}
,"C:\\Users\\Robin Aleman\\Documents\\SPO\\WEBCLIENT\\src\\shared\\log-transport.ts": {"lines":{"total":31,"covered":31,"skipped":0,"pct":100},"functions":{"total":4,"covered":4,"skipped":0,"pct":100},"statements":{"total":36,"covered":33,"skipped":0,"pct":91.66},"branches":{"total":20,"covered":15,"skipped":0,"pct":75}}
,"C:\\Users\\Robin Aleman\\Documents\\SPO\\WEBCLIENT\\src\\shared\\logger.ts": {"lines":{"total":96,"covered":86,"skipped":0,"pct":89.58},"functions":{"total":21,"covered":19,"skipped":0,"pct":90.47},"statements":{"total":96,"covered":86,"skipped":0,"pct":89.58},"branches":{"total":57,"covered":43,"skipped":0,"pct":75.43}}
,"C:\\Users\\Robin Aleman\\Documents\\SPO\\WEBCLIENT\\src\\shared\\mail-html-utils.ts": {"lines":{"total":6,"covered":6,"skipped":0,"pct":100},"functions":{"total":2,"covered":2,"skipped":0,"pct":100},"statements":{"total":6,"covered":6,"skipped":0,"pct":100},"branches":{"total":2,"covered":2,"skipped":0,"pct":100}}
,"C:\\Users\\Robin Aleman\\Documents\\SPO\\WEBCLIENT\\src\\shared\\map-config.ts": {"lines":{"total":12,"covered":12,"skipped":0,"pct":100},"functions":{"total":2,"covered":2,"skipped":0,"pct":100},"statements":{"total":12,"covered":12,"skipped":0,"pct":100},"branches":{"total":4,"covered":4,"skipped":0,"pct":100}}
,"C:\\Users\\Robin Aleman\\Documents\\SPO\\WEBCLIENT\\src\\shared\\proxy-utils.ts": {"lines":{"total":16,"covered":4,"skipped":0,"pct":25},"functions":{"total":3,"covered":0,"skipped":0,"pct":0},"statements":{"total":16,"covered":4,"skipped":0,"pct":25},"branches":{"total":9,"covered":0,"skipped":0,"pct":0}}
,"C:\\Users\\Robin Aleman\\Documents\\SPO\\WEBCLIENT\\src\\shared\\rdo-types.ts": {"lines":{"total":157,"covered":152,"skipped":0,"pct":96.81},"functions":{"total":45,"covered":45,"skipped":0,"pct":100},"statements":{"total":158,"covered":153,"skipped":0,"pct":96.83},"branches":{"total":67,"covered":60,"skipped":0,"pct":89.55}}
,"C:\\Users\\Robin Aleman\\Documents\\SPO\\WEBCLIENT\\src\\shared\\research-dat-parser.ts": {"lines":{"total":78,"covered":74,"skipped":0,"pct":94.87},"functions":{"total":12,"covered":11,"skipped":0,"pct":91.66},"statements":{"total":90,"covered":86,"skipped":0,"pct":95.55},"branches":{"total":30,"covered":25,"skipped":0,"pct":83.33}}
,"C:\\Users\\Robin Aleman\\Documents\\SPO\\WEBCLIENT\\src\\shared\\timeout-categories.ts": {"lines":{"total":9,"covered":9,"skipped":0,"pct":100},"functions":{"total":1,"covered":1,"skipped":0,"pct":100},"statements":{"total":9,"covered":9,"skipped":0,"pct":100},"branches":{"total":2,"covered":2,"skipped":0,"pct":100}}
,"C:\\Users\\Robin Aleman\\Documents\\SPO\\WEBCLIENT\\src\\shared\\types.ts": {"lines":{"total":1,"covered":1,"skipped":0,"pct":100},"functions":{"total":0,"covered":0,"skipped":0,"pct":100},"statements":{"total":1,"covered":1,"skipped":0,"pct":100},"branches":{"total":0,"covered":0,"skipped":0,"pct":100}}
,"C:\\Users\\Robin Aleman\\Documents\\SPO\\WEBCLIENT\\src\\shared\\building-details\\civic-buildings.ts": {"lines":{"total":17,"covered":17,"skipped":0,"pct":100},"functions":{"total":6,"covered":6,"skipped":0,"pct":100},"statements":{"total":19,"covered":19,"skipped":0,"pct":100},"branches":{"total":6,"covered":6,"skipped":0,"pct":100}}
,"C:\\Users\\Robin Aleman\\Documents\\SPO\\WEBCLIENT\\src\\shared\\building-details\\index.ts": {"lines":{"total":4,"covered":4,"skipped":0,"pct":100},"functions":{"total":0,"covered":0,"skipped":0,"pct":100},"statements":{"total":4,"covered":4,"skipped":0,"pct":100},"branches":{"total":0,"covered":0,"skipped":0,"pct":100}}
,"C:\\Users\\Robin Aleman\\Documents\\SPO\\WEBCLIENT\\src\\shared\\building-details\\property-definitions.ts": {"lines":{"total":56,"covered":56,"skipped":0,"pct":100},"functions":{"total":5,"covered":5,"skipped":0,"pct":100},"statements":{"total":60,"covered":60,"skipped":0,"pct":100},"branches":{"total":32,"covered":32,"skipped":0,"pct":100}}
,"C:\\Users\\Robin Aleman\\Documents\\SPO\\WEBCLIENT\\src\\shared\\building-details\\property-templates.ts": {"lines":{"total":86,"covered":74,"skipped":0,"pct":86.04},"functions":{"total":10,"covered":10,"skipped":0,"pct":100},"statements":{"total":95,"covered":80,"skipped":0,"pct":84.21},"branches":{"total":56,"covered":39,"skipped":0,"pct":69.64}}
,"C:\\Users\\Robin Aleman\\Documents\\SPO\\WEBCLIENT\\src\\shared\\building-details\\template-groups.ts": {"lines":{"total":46,"covered":46,"skipped":0,"pct":100},"functions":{"total":1,"covered":1,"skipped":0,"pct":100},"statements":{"total":47,"covered":47,"skipped":0,"pct":100},"branches":{"total":4,"covered":4,"skipped":0,"pct":100}}
,"C:\\Users\\Robin Aleman\\Documents\\SPO\\WEBCLIENT\\src\\shared\\building-details\\town-hall-demographics.ts": {"lines":{"total":35,"covered":35,"skipped":0,"pct":100},"functions":{"total":5,"covered":5,"skipped":0,"pct":100},"statements":{"total":40,"covered":39,"skipped":0,"pct":97.5},"branches":{"total":30,"covered":26,"skipped":0,"pct":86.66}}
,"C:\\Users\\Robin Aleman\\Documents\\SPO\\WEBCLIENT\\src\\shared\\types\\building-data.ts": {"lines":{"total":14,"covered":14,"skipped":0,"pct":100},"functions":{"total":3,"covered":3,"skipped":0,"pct":100},"statements":{"total":19,"covered":19,"skipped":0,"pct":100},"branches":{"total":12,"covered":12,"skipped":0,"pct":100}}
,"C:\\Users\\Robin Aleman\\Documents\\SPO\\WEBCLIENT\\src\\shared\\types\\domain-types.ts": {"lines":{"total":48,"covered":48,"skipped":0,"pct":100},"functions":{"total":4,"covered":4,"skipped":0,"pct":100},"statements":{"total":49,"covered":49,"skipped":0,"pct":100},"branches":{"total":8,"covered":7,"skipped":0,"pct":87.5}}
,"C:\\Users\\Robin Aleman\\Documents\\SPO\\WEBCLIENT\\src\\shared\\types\\index.ts": {"lines":{"total":20,"covered":20,"skipped":0,"pct":100},"functions":{"total":17,"covered":12,"skipped":0,"pct":70.58},"statements":{"total":20,"covered":20,"skipped":0,"pct":100},"branches":{"total":0,"covered":0,"skipped":0,"pct":100}}
,"C:\\Users\\Robin Aleman\\Documents\\SPO\\WEBCLIENT\\src\\shared\\types\\message-types.ts": {"lines":{"total":176,"covered":176,"skipped":0,"pct":100},"functions":{"total":2,"covered":2,"skipped":0,"pct":100},"statements":{"total":176,"covered":176,"skipped":0,"pct":100},"branches":{"total":2,"covered":2,"skipped":0,"pct":100}}
,"C:\\Users\\Robin Aleman\\Documents\\SPO\\WEBCLIENT\\src\\shared\\types\\protocol-types.ts": {"lines":{"total":18,"covered":18,"skipped":0,"pct":100},"functions":{"total":3,"covered":3,"skipped":0,"pct":100},"statements":{"total":18,"covered":18,"skipped":0,"pct":100},"branches":{"total":6,"covered":6,"skipped":0,"pct":100}}
,"C:\\Users\\Robin Aleman\\Documents\\SPO\\WEBCLIENT\\src\\tools\\rdo-conformance.ts": {"lines":{"total":4,"covered":4,"skipped":0,"pct":100},"functions":{"total":0,"covered":0,"skipped":0,"pct":100},"statements":{"total":4,"covered":4,"skipped":0,"pct":100},"branches":{"total":0,"covered":0,"skipped":0,"pct":100}}
,"C:\\Users\\Robin Aleman\\Documents\\SPO\\WEBCLIENT\\src\\tools\\conformance\\cli.ts": {"lines":{"total":49,"covered":49,"skipped":0,"pct":100},"functions":{"total":7,"covered":7,"skipped":0,"pct":100},"statements":{"total":61,"covered":61,"skipped":0,"pct":100},"branches":{"total":73,"covered":72,"skipped":0,"pct":98.63}}
,"C:\\Users\\Robin Aleman\\Documents\\SPO\\WEBCLIENT\\src\\tools\\conformance\\oracle.ts": {"lines":{"total":28,"covered":28,"skipped":0,"pct":100},"functions":{"total":5,"covered":5,"skipped":0,"pct":100},"statements":{"total":33,"covered":33,"skipped":0,"pct":100},"branches":{"total":36,"covered":36,"skipped":0,"pct":100}}
,"C:\\Users\\Robin Aleman\\Documents\\SPO\\WEBCLIENT\\src\\tools\\conformance\\quiet-log.ts": {"lines":{"total":1,"covered":1,"skipped":0,"pct":100},"functions":{"total":0,"covered":0,"skipped":0,"pct":100},"statements":{"total":2,"covered":2,"skipped":0,"pct":100},"branches":{"total":2,"covered":1,"skipped":0,"pct":50}}
,"C:\\Users\\Robin Aleman\\Documents\\SPO\\WEBCLIENT\\src\\tools\\conformance\\replay-transport.ts": {"lines":{"total":92,"covered":92,"skipped":0,"pct":100},"functions":{"total":25,"covered":25,"skipped":0,"pct":100},"statements":{"total":106,"covered":104,"skipped":0,"pct":98.11},"branches":{"total":45,"covered":39,"skipped":0,"pct":86.66}}
,"C:\\Users\\Robin Aleman\\Documents\\SPO\\WEBCLIENT\\src\\tools\\conformance\\report.ts": {"lines":{"total":62,"covered":62,"skipped":0,"pct":100},"functions":{"total":16,"covered":16,"skipped":0,"pct":100},"statements":{"total":83,"covered":83,"skipped":0,"pct":100},"branches":{"total":44,"covered":44,"skipped":0,"pct":100}}
,"C:\\Users\\Robin Aleman\\Documents\\SPO\\WEBCLIENT\\src\\tools\\conformance\\run.ts": {"lines":{"total":123,"covered":120,"skipped":0,"pct":97.56},"functions":{"total":27,"covered":23,"skipped":0,"pct":85.18},"statements":{"total":139,"covered":133,"skipped":0,"pct":95.68},"branches":{"total":68,"covered":63,"skipped":0,"pct":92.64}}
,"C:\\Users\\Robin Aleman\\Documents\\SPO\\WEBCLIENT\\src\\tools\\conformance\\runner.ts": {"lines":{"total":126,"covered":126,"skipped":0,"pct":100},"functions":{"total":16,"covered":16,"skipped":0,"pct":100},"statements":{"total":139,"covered":137,"skipped":0,"pct":98.56},"branches":{"total":74,"covered":70,"skipped":0,"pct":94.59}}
,"C:\\Users\\Robin Aleman\\Documents\\SPO\\WEBCLIENT\\src\\tools\\conformance\\scenario-suites.ts": {"lines":{"total":98,"covered":98,"skipped":0,"pct":100},"functions":{"total":56,"covered":55,"skipped":0,"pct":98.21},"statements":{"total":133,"covered":130,"skipped":0,"pct":97.74},"branches":{"total":38,"covered":32,"skipped":0,"pct":84.21}}
,"C:\\Users\\Robin Aleman\\Documents\\SPO\\WEBCLIENT\\src\\tools\\conformance\\server-logs.ts": {"lines":{"total":116,"covered":108,"skipped":0,"pct":93.1},"functions":{"total":35,"covered":31,"skipped":0,"pct":88.57},"statements":{"total":151,"covered":140,"skipped":0,"pct":92.71},"branches":{"total":86,"covered":74,"skipped":0,"pct":86.04}}
,"C:\\Users\\Robin Aleman\\Documents\\SPO\\WEBCLIENT\\src\\tools\\conformance\\suites.ts": {"lines":{"total":58,"covered":58,"skipped":0,"pct":100},"functions":{"total":24,"covered":24,"skipped":0,"pct":100},"statements":{"total":77,"covered":77,"skipped":0,"pct":100},"branches":{"total":28,"covered":28,"skipped":0,"pct":100}}
,"C:\\Users\\Robin Aleman\\Documents\\SPO\\WEBCLIENT\\src\\tools\\conformance\\transport.ts": {"lines":{"total":56,"covered":55,"skipped":0,"pct":98.21},"functions":{"total":18,"covered":17,"skipped":0,"pct":94.44},"statements":{"total":61,"covered":60,"skipped":0,"pct":98.36},"branches":{"total":21,"covered":17,"skipped":0,"pct":80.95}}
,"C:\\Users\\Robin Aleman\\Documents\\SPO\\WEBCLIENT\\src\\tools\\conformance\\types.ts": {"lines":{"total":5,"covered":5,"skipped":0,"pct":100},"functions":{"total":2,"covered":2,"skipped":0,"pct":100},"statements":{"total":5,"covered":5,"skipped":0,"pct":100},"branches":{"total":0,"covered":0,"skipped":0,"pct":100}}
,"C:\\Users\\Robin Aleman\\Documents\\SPO\\WEBCLIENT\\src\\tools\\conformance\\wire-view.ts": {"lines":{"total":31,"covered":30,"skipped":0,"pct":96.77},"functions":{"total":15,"covered":15,"skipped":0,"pct":100},"statements":{"total":40,"covered":38,"skipped":0,"pct":95},"branches":{"total":27,"covered":25,"skipped":0,"pct":92.59}}
}
